params: /var/spool/slurmd/job30967408/slurm_script, params_1024.txt, 
Reading parameters:
	 rhs_function=2
	 nx=1024
	 ny=1024
	 foutput=100000
	 nstep_max=100000
	 tolerance=1e-08
I am writing output_source
Step 2, Diff=0.00308575
Step 3, Diff=0.00223509
Step 4, Diff=0.00178538
Step 5, Diff=0.0015023
Step 6, Diff=0.00130571
Step 7, Diff=0.00116023
Step 8, Diff=0.00104766
Step 9, Diff=0.000957651
Step 10, Diff=0.000883817
Step 11, Diff=0.000822016
Step 12, Diff=0.00076943
Step 13, Diff=0.000724068
Step 14, Diff=0.000684484
Step 15, Diff=0.000649601
Step 16, Diff=0.000618596
Step 17, Diff=0.000590833
Step 18, Diff=0.000565808
Step 19, Diff=0.000543121
Step 20, Diff=0.000522445
Step 21, Diff=0.000503514
Step 22, Diff=0.000486107
Step 23, Diff=0.00047004
Step 24, Diff=0.000455158
Step 25, Diff=0.000441328
Step 26, Diff=0.000428439
Step 27, Diff=0.000416393
Step 28, Diff=0.000405107
Step 29, Diff=0.000394509
Step 30, Diff=0.000384534
Step 31, Diff=0.000375128
Step 32, Diff=0.00036624
Step 33, Diff=0.000357827
Step 34, Diff=0.000349851
Step 35, Diff=0.000342277
Step 36, Diff=0.000335073
Step 37, Diff=0.000328213
Step 38, Diff=0.000321671
Step 39, Diff=0.000315425
Step 40, Diff=0.000309453
Step 41, Diff=0.000303739
Step 42, Diff=0.000298264
Step 43, Diff=0.000293013
Step 44, Diff=0.000287972
Step 45, Diff=0.000283129
Step 46, Diff=0.000278471
Step 47, Diff=0.000273987
Step 48, Diff=0.000269668
Step 49, Diff=0.000265504
Step 50, Diff=0.000261487
Step 51, Diff=0.000257608
Step 52, Diff=0.00025386
Step 53, Diff=0.000250237
Step 54, Diff=0.000246732
Step 55, Diff=0.000243339
Step 56, Diff=0.000240053
Step 57, Diff=0.000236867
Step 58, Diff=0.000233779
Step 59, Diff=0.000230782
Step 60, Diff=0.000227874
Step 61, Diff=0.000225049
Step 62, Diff=0.000222304
Step 63, Diff=0.000219636
Step 64, Diff=0.000217041
Step 65, Diff=0.000214517
Step 66, Diff=0.000212059
Step 67, Diff=0.000209666
Step 68, Diff=0.000207335
Step 69, Diff=0.000205064
Step 70, Diff=0.000202849
Step 71, Diff=0.000200689
Step 72, Diff=0.000198582
Step 73, Diff=0.000196526
Step 74, Diff=0.000194518
Step 75, Diff=0.000192557
Step 76, Diff=0.000190642
Step 77, Diff=0.000188771
Step 78, Diff=0.000186941
Step 79, Diff=0.000185152
Step 80, Diff=0.000183403
Step 81, Diff=0.000181692
Step 82, Diff=0.000180017
Step 83, Diff=0.000178377
Step 84, Diff=0.000176772
Step 85, Diff=0.0001752
Step 86, Diff=0.00017366
Step 87, Diff=0.000172152
Step 88, Diff=0.000170673
Step 89, Diff=0.000169224
Step 90, Diff=0.000167802
Step 91, Diff=0.000166409
Step 92, Diff=0.000165041
Step 93, Diff=0.0001637
Step 94, Diff=0.000162384
Step 95, Diff=0.000161092
Step 96, Diff=0.000159824
Step 97, Diff=0.000158578
Step 98, Diff=0.000157355
Step 99, Diff=0.000156154
Step 100, Diff=0.000154973
Step 101, Diff=0.000153814
Step 102, Diff=0.000152674
Step 103, Diff=0.000151554
Step 104, Diff=0.000150452
Step 105, Diff=0.000149369
Step 106, Diff=0.000148304
Step 107, Diff=0.000147256
Step 108, Diff=0.000146226
Step 109, Diff=0.000145212
Step 110, Diff=0.000144214
Step 111, Diff=0.000143232
Step 112, Diff=0.000142265
Step 113, Diff=0.000141314
Step 114, Diff=0.000140377
Step 115, Diff=0.000139454
Step 116, Diff=0.000138545
Step 117, Diff=0.00013765
Step 118, Diff=0.000136768
Step 119, Diff=0.0001359
Step 120, Diff=0.000135044
Step 121, Diff=0.0001342
Step 122, Diff=0.000133368
Step 123, Diff=0.000132549
Step 124, Diff=0.000131741
Step 125, Diff=0.000130944
Step 126, Diff=0.000130158
Step 127, Diff=0.000129384
Step 128, Diff=0.000128619
Step 129, Diff=0.000127866
Step 130, Diff=0.000127122
Step 131, Diff=0.000126389
Step 132, Diff=0.000125665
Step 133, Diff=0.00012495
Step 134, Diff=0.000124246
Step 135, Diff=0.00012355
Step 136, Diff=0.000122863
Step 137, Diff=0.000122185
Step 138, Diff=0.000121516
Step 139, Diff=0.000120855
Step 140, Diff=0.000120202
Step 141, Diff=0.000119557
Step 142, Diff=0.000118921
Step 143, Diff=0.000118292
Step 144, Diff=0.000117671
Step 145, Diff=0.000117057
Step 146, Diff=0.000116451
Step 147, Diff=0.000115852
Step 148, Diff=0.00011526
Step 149, Diff=0.000114676
Step 150, Diff=0.000114098
Step 151, Diff=0.000113526
Step 152, Diff=0.000112961
Step 153, Diff=0.000112403
Step 154, Diff=0.000111851
Step 155, Diff=0.000111306
Step 156, Diff=0.000110766
Step 157, Diff=0.000110233
Step 158, Diff=0.000109705
Step 159, Diff=0.000109183
Step 160, Diff=0.000108667
Step 161, Diff=0.000108157
Step 162, Diff=0.000107652
Step 163, Diff=0.000107153
Step 164, Diff=0.000106658
Step 165, Diff=0.00010617
Step 166, Diff=0.000105686
Step 167, Diff=0.000105207
Step 168, Diff=0.000104734
Step 169, Diff=0.000104265
Step 170, Diff=0.000103801
Step 171, Diff=0.000103342
Step 172, Diff=0.000102888
Step 173, Diff=0.000102438
Step 174, Diff=0.000101993
Step 175, Diff=0.000101552
Step 176, Diff=0.000101115
Step 177, Diff=0.000100683
Step 178, Diff=0.000100255
Step 179, Diff=9.98318e-05
Step 180, Diff=9.94123e-05
Step 181, Diff=9.89969e-05
Step 182, Diff=9.85854e-05
Step 183, Diff=9.8178e-05
Step 184, Diff=9.77743e-05
Step 185, Diff=9.73746e-05
Step 186, Diff=9.69786e-05
Step 187, Diff=9.65863e-05
Step 188, Diff=9.61976e-05
Step 189, Diff=9.58126e-05
Step 190, Diff=9.54311e-05
Step 191, Diff=9.50532e-05
Step 192, Diff=9.46786e-05
Step 193, Diff=9.43075e-05
Step 194, Diff=9.39398e-05
Step 195, Diff=9.35753e-05
Step 196, Diff=9.32141e-05
Step 197, Diff=9.28562e-05
Step 198, Diff=9.25014e-05
Step 199, Diff=9.21497e-05
Step 200, Diff=9.18011e-05
Step 201, Diff=9.14556e-05
Step 202, Diff=9.1113e-05
Step 203, Diff=9.07734e-05
Step 204, Diff=9.04368e-05
Step 205, Diff=9.0103e-05
Step 206, Diff=8.9772e-05
Step 207, Diff=8.94439e-05
Step 208, Diff=8.91185e-05
Step 209, Diff=8.87959e-05
Step 210, Diff=8.84759e-05
Step 211, Diff=8.81586e-05
Step 212, Diff=8.7844e-05
Step 213, Diff=8.75319e-05
Step 214, Diff=8.72224e-05
Step 215, Diff=8.69154e-05
Step 216, Diff=8.66109e-05
Step 217, Diff=8.63089e-05
Step 218, Diff=8.60092e-05
Step 219, Diff=8.5712e-05
Step 220, Diff=8.54172e-05
Step 221, Diff=8.51247e-05
Step 222, Diff=8.48345e-05
Step 223, Diff=8.45466e-05
Step 224, Diff=8.4261e-05
Step 225, Diff=8.39775e-05
Step 226, Diff=8.36963e-05
Step 227, Diff=8.34173e-05
Step 228, Diff=8.31404e-05
Step 229, Diff=8.28656e-05
Step 230, Diff=8.25929e-05
Step 231, Diff=8.23223e-05
Step 232, Diff=8.20537e-05
Step 233, Diff=8.17872e-05
Step 234, Diff=8.15226e-05
Step 235, Diff=8.126e-05
Step 236, Diff=8.09994e-05
Step 237, Diff=8.07407e-05
Step 238, Diff=8.04839e-05
Step 239, Diff=8.0229e-05
Step 240, Diff=7.9976e-05
Step 241, Diff=7.97248e-05
Step 242, Diff=7.94754e-05
Step 243, Diff=7.92278e-05
Step 244, Diff=7.8982e-05
Step 245, Diff=7.8738e-05
Step 246, Diff=7.84956e-05
Step 247, Diff=7.82551e-05
Step 248, Diff=7.80162e-05
Step 249, Diff=7.7779e-05
Step 250, Diff=7.75435e-05
Step 251, Diff=7.73096e-05
Step 252, Diff=7.70773e-05
Step 253, Diff=7.68466e-05
Step 254, Diff=7.66176e-05
Step 255, Diff=7.63901e-05
Step 256, Diff=7.61642e-05
Step 257, Diff=7.59398e-05
Step 258, Diff=7.57169e-05
Step 259, Diff=7.54956e-05
Step 260, Diff=7.52757e-05
Step 261, Diff=7.50574e-05
Step 262, Diff=7.48404e-05
Step 263, Diff=7.4625e-05
Step 264, Diff=7.44109e-05
Step 265, Diff=7.41983e-05
Step 266, Diff=7.39871e-05
Step 267, Diff=7.37773e-05
Step 268, Diff=7.35688e-05
Step 269, Diff=7.33617e-05
Step 270, Diff=7.31559e-05
Step 271, Diff=7.29515e-05
Step 272, Diff=7.27484e-05
Step 273, Diff=7.25466e-05
Step 274, Diff=7.23461e-05
Step 275, Diff=7.21469e-05
Step 276, Diff=7.19489e-05
Step 277, Diff=7.17522e-05
Step 278, Diff=7.15567e-05
Step 279, Diff=7.13625e-05
Step 280, Diff=7.11694e-05
Step 281, Diff=7.09776e-05
Step 282, Diff=7.0787e-05
Step 283, Diff=7.05975e-05
Step 284, Diff=7.04093e-05
Step 285, Diff=7.02221e-05
Step 286, Diff=7.00362e-05
Step 287, Diff=6.98513e-05
Step 288, Diff=6.96676e-05
Step 289, Diff=6.9485e-05
Step 290, Diff=6.93035e-05
Step 291, Diff=6.91232e-05
Step 292, Diff=6.89438e-05
Step 293, Diff=6.87656e-05
Step 294, Diff=6.85884e-05
Step 295, Diff=6.84123e-05
Step 296, Diff=6.82372e-05
Step 297, Diff=6.80632e-05
Step 298, Diff=6.78902e-05
Step 299, Diff=6.77181e-05
Step 300, Diff=6.75471e-05
Step 301, Diff=6.73771e-05
Step 302, Diff=6.72081e-05
Step 303, Diff=6.70401e-05
Step 304, Diff=6.6873e-05
Step 305, Diff=6.67069e-05
Step 306, Diff=6.65417e-05
Step 307, Diff=6.63775e-05
Step 308, Diff=6.62142e-05
Step 309, Diff=6.60519e-05
Step 310, Diff=6.58905e-05
Step 311, Diff=6.57299e-05
Step 312, Diff=6.55703e-05
Step 313, Diff=6.54116e-05
Step 314, Diff=6.52537e-05
Step 315, Diff=6.50968e-05
Step 316, Diff=6.49407e-05
Step 317, Diff=6.47855e-05
Step 318, Diff=6.46311e-05
Step 319, Diff=6.44776e-05
Step 320, Diff=6.43249e-05
Step 321, Diff=6.4173e-05
Step 322, Diff=6.4022e-05
Step 323, Diff=6.38718e-05
Step 324, Diff=6.37224e-05
Step 325, Diff=6.35738e-05
Step 326, Diff=6.34261e-05
Step 327, Diff=6.32791e-05
Step 328, Diff=6.31329e-05
Step 329, Diff=6.29874e-05
Step 330, Diff=6.28428e-05
Step 331, Diff=6.26989e-05
Step 332, Diff=6.25558e-05
Step 333, Diff=6.24134e-05
Step 334, Diff=6.22718e-05
Step 335, Diff=6.21309e-05
Step 336, Diff=6.19908e-05
Step 337, Diff=6.18513e-05
Step 338, Diff=6.17126e-05
Step 339, Diff=6.15747e-05
Step 340, Diff=6.14374e-05
Step 341, Diff=6.13008e-05
Step 342, Diff=6.1165e-05
Step 343, Diff=6.10298e-05
Step 344, Diff=6.08953e-05
Step 345, Diff=6.07616e-05
Step 346, Diff=6.06284e-05
Step 347, Diff=6.0496e-05
Step 348, Diff=6.03642e-05
Step 349, Diff=6.02331e-05
Step 350, Diff=6.01027e-05
Step 351, Diff=5.99729e-05
Step 352, Diff=5.98437e-05
Step 353, Diff=5.97152e-05
Step 354, Diff=5.95873e-05
Step 355, Diff=5.94601e-05
Step 356, Diff=5.93334e-05
Step 357, Diff=5.92074e-05
Step 358, Diff=5.90821e-05
Step 359, Diff=5.89573e-05
Step 360, Diff=5.88331e-05
Step 361, Diff=5.87096e-05
Step 362, Diff=5.85866e-05
Step 363, Diff=5.84642e-05
Step 364, Diff=5.83425e-05
Step 365, Diff=5.82213e-05
Step 366, Diff=5.81007e-05
Step 367, Diff=5.79806e-05
Step 368, Diff=5.78612e-05
Step 369, Diff=5.77423e-05
Step 370, Diff=5.7624e-05
Step 371, Diff=5.75062e-05
Step 372, Diff=5.7389e-05
Step 373, Diff=5.72723e-05
Step 374, Diff=5.71562e-05
Step 375, Diff=5.70406e-05
Step 376, Diff=5.69256e-05
Step 377, Diff=5.68111e-05
Step 378, Diff=5.66971e-05
Step 379, Diff=5.65837e-05
Step 380, Diff=5.64708e-05
Step 381, Diff=5.63584e-05
Step 382, Diff=5.62465e-05
Step 383, Diff=5.61351e-05
Step 384, Diff=5.60242e-05
Step 385, Diff=5.59139e-05
Step 386, Diff=5.5804e-05
Step 387, Diff=5.56947e-05
Step 388, Diff=5.55858e-05
Step 389, Diff=5.54774e-05
Step 390, Diff=5.53696e-05
Step 391, Diff=5.52622e-05
Step 392, Diff=5.51552e-05
Step 393, Diff=5.50488e-05
Step 394, Diff=5.49428e-05
Step 395, Diff=5.48373e-05
Step 396, Diff=5.47323e-05
Step 397, Diff=5.46277e-05
Step 398, Diff=5.45236e-05
Step 399, Diff=5.442e-05
Step 400, Diff=5.43168e-05
Step 401, Diff=5.4214e-05
Step 402, Diff=5.41117e-05
Step 403, Diff=5.40099e-05
Step 404, Diff=5.39085e-05
Step 405, Diff=5.38075e-05
Step 406, Diff=5.3707e-05
Step 407, Diff=5.36069e-05
Step 408, Diff=5.35072e-05
Step 409, Diff=5.3408e-05
Step 410, Diff=5.33091e-05
Step 411, Diff=5.32107e-05
Step 412, Diff=5.31128e-05
Step 413, Diff=5.30152e-05
Step 414, Diff=5.29181e-05
Step 415, Diff=5.28213e-05
Step 416, Diff=5.2725e-05
Step 417, Diff=5.26291e-05
Step 418, Diff=5.25335e-05
Step 419, Diff=5.24384e-05
Step 420, Diff=5.23437e-05
Step 421, Diff=5.22494e-05
Step 422, Diff=5.21554e-05
Step 423, Diff=5.20619e-05
Step 424, Diff=5.19687e-05
Step 425, Diff=5.18759e-05
Step 426, Diff=5.17835e-05
Step 427, Diff=5.16915e-05
Step 428, Diff=5.15999e-05
Step 429, Diff=5.15086e-05
Step 430, Diff=5.14177e-05
Step 431, Diff=5.13272e-05
Step 432, Diff=5.1237e-05
Step 433, Diff=5.11473e-05
Step 434, Diff=5.10578e-05
Step 435, Diff=5.09688e-05
Step 436, Diff=5.08801e-05
Step 437, Diff=5.07917e-05
Step 438, Diff=5.07037e-05
Step 439, Diff=5.06161e-05
Step 440, Diff=5.05288e-05
Step 441, Diff=5.04418e-05
Step 442, Diff=5.03552e-05
Step 443, Diff=5.02689e-05
Step 444, Diff=5.0183e-05
Step 445, Diff=5.00974e-05
Step 446, Diff=5.00122e-05
Step 447, Diff=4.99273e-05
Step 448, Diff=4.98427e-05
Step 449, Diff=4.97584e-05
Step 450, Diff=4.96745e-05
Step 451, Diff=4.95909e-05
Step 452, Diff=4.95076e-05
Step 453, Diff=4.94247e-05
Step 454, Diff=4.93421e-05
Step 455, Diff=4.92598e-05
Step 456, Diff=4.91778e-05
Step 457, Diff=4.90961e-05
Step 458, Diff=4.90147e-05
Step 459, Diff=4.89337e-05
Step 460, Diff=4.88529e-05
Step 461, Diff=4.87725e-05
Step 462, Diff=4.86923e-05
Step 463, Diff=4.86125e-05
Step 464, Diff=4.8533e-05
Step 465, Diff=4.84538e-05
Step 466, Diff=4.83748e-05
Step 467, Diff=4.82962e-05
Step 468, Diff=4.82179e-05
Step 469, Diff=4.81398e-05
Step 470, Diff=4.80621e-05
Step 471, Diff=4.79846e-05
Step 472, Diff=4.79074e-05
Step 473, Diff=4.78305e-05
Step 474, Diff=4.77539e-05
Step 475, Diff=4.76776e-05
Step 476, Diff=4.76016e-05
Step 477, Diff=4.75258e-05
Step 478, Diff=4.74503e-05
Step 479, Diff=4.73751e-05
Step 480, Diff=4.73002e-05
Step 481, Diff=4.72255e-05
Step 482, Diff=4.71511e-05
Step 483, Diff=4.7077e-05
Step 484, Diff=4.70031e-05
Step 485, Diff=4.69296e-05
Step 486, Diff=4.68562e-05
Step 487, Diff=4.67832e-05
Step 488, Diff=4.67104e-05
Step 489, Diff=4.66379e-05
Step 490, Diff=4.65656e-05
Step 491, Diff=4.64936e-05
Step 492, Diff=4.64218e-05
Step 493, Diff=4.63503e-05
Step 494, Diff=4.62791e-05
Step 495, Diff=4.62081e-05
Step 496, Diff=4.61373e-05
Step 497, Diff=4.60668e-05
Step 498, Diff=4.59966e-05
Step 499, Diff=4.59266e-05
Step 500, Diff=4.58568e-05
Step 501, Diff=4.57873e-05
Step 502, Diff=4.57181e-05
Step 503, Diff=4.5649e-05
Step 504, Diff=4.55803e-05
Step 505, Diff=4.55117e-05
Step 506, Diff=4.54434e-05
Step 507, Diff=4.53753e-05
Step 508, Diff=4.53075e-05
Step 509, Diff=4.52399e-05
Step 510, Diff=4.51725e-05
Step 511, Diff=4.51054e-05
Step 512, Diff=4.50385e-05
Step 513, Diff=4.49718e-05
Step 514, Diff=4.49053e-05
Step 515, Diff=4.48391e-05
Step 516, Diff=4.47731e-05
Step 517, Diff=4.47073e-05
Step 518, Diff=4.46418e-05
Step 519, Diff=4.45764e-05
Step 520, Diff=4.45113e-05
Step 521, Diff=4.44464e-05
Step 522, Diff=4.43818e-05
Step 523, Diff=4.43173e-05
Step 524, Diff=4.42531e-05
Step 525, Diff=4.4189e-05
Step 526, Diff=4.41252e-05
Step 527, Diff=4.40616e-05
Step 528, Diff=4.39982e-05
Step 529, Diff=4.3935e-05
Step 530, Diff=4.38721e-05
Step 531, Diff=4.38093e-05
Step 532, Diff=4.37467e-05
Step 533, Diff=4.36844e-05
Step 534, Diff=4.36222e-05
Step 535, Diff=4.35603e-05
Step 536, Diff=4.34986e-05
Step 537, Diff=4.3437e-05
Step 538, Diff=4.33757e-05
Step 539, Diff=4.33145e-05
Step 540, Diff=4.32536e-05
Step 541, Diff=4.31929e-05
Step 542, Diff=4.31323e-05
Step 543, Diff=4.3072e-05
Step 544, Diff=4.30118e-05
Step 545, Diff=4.29518e-05
Step 546, Diff=4.28921e-05
Step 547, Diff=4.28325e-05
Step 548, Diff=4.27731e-05
Step 549, Diff=4.27139e-05
Step 550, Diff=4.26549e-05
Step 551, Diff=4.25961e-05
Step 552, Diff=4.25374e-05
Step 553, Diff=4.2479e-05
Step 554, Diff=4.24207e-05
Step 555, Diff=4.23627e-05
Step 556, Diff=4.23048e-05
Step 557, Diff=4.2247e-05
Step 558, Diff=4.21895e-05
Step 559, Diff=4.21322e-05
Step 560, Diff=4.2075e-05
Step 561, Diff=4.2018e-05
Step 562, Diff=4.19612e-05
Step 563, Diff=4.19045e-05
Step 564, Diff=4.18481e-05
Step 565, Diff=4.17918e-05
Step 566, Diff=4.17357e-05
Step 567, Diff=4.16797e-05
Step 568, Diff=4.1624e-05
Step 569, Diff=4.15684e-05
Step 570, Diff=4.1513e-05
Step 571, Diff=4.14577e-05
Step 572, Diff=4.14026e-05
Step 573, Diff=4.13477e-05
Step 574, Diff=4.1293e-05
Step 575, Diff=4.12384e-05
Step 576, Diff=4.1184e-05
Step 577, Diff=4.11297e-05
Step 578, Diff=4.10756e-05
Step 579, Diff=4.10217e-05
Step 580, Diff=4.09679e-05
Step 581, Diff=4.09143e-05
Step 582, Diff=4.08609e-05
Step 583, Diff=4.08076e-05
Step 584, Diff=4.07545e-05
Step 585, Diff=4.07016e-05
Step 586, Diff=4.06488e-05
Step 587, Diff=4.05961e-05
Step 588, Diff=4.05437e-05
Step 589, Diff=4.04913e-05
Step 590, Diff=4.04392e-05
Step 591, Diff=4.03872e-05
Step 592, Diff=4.03353e-05
Step 593, Diff=4.02836e-05
Step 594, Diff=4.0232e-05
Step 595, Diff=4.01806e-05
Step 596, Diff=4.01294e-05
Step 597, Diff=4.00783e-05
Step 598, Diff=4.00273e-05
Step 599, Diff=3.99765e-05
Step 600, Diff=3.99259e-05
Step 601, Diff=3.98754e-05
Step 602, Diff=3.9825e-05
Step 603, Diff=3.97748e-05
Step 604, Diff=3.97247e-05
Step 605, Diff=3.96748e-05
Step 606, Diff=3.9625e-05
Step 607, Diff=3.95754e-05
Step 608, Diff=3.95259e-05
Step 609, Diff=3.94766e-05
Step 610, Diff=3.94274e-05
Step 611, Diff=3.93783e-05
Step 612, Diff=3.93294e-05
Step 613, Diff=3.92806e-05
Step 614, Diff=3.9232e-05
Step 615, Diff=3.91835e-05
Step 616, Diff=3.91351e-05
Step 617, Diff=3.90869e-05
Step 618, Diff=3.90388e-05
Step 619, Diff=3.89908e-05
Step 620, Diff=3.8943e-05
Step 621, Diff=3.88953e-05
Step 622, Diff=3.88478e-05
Step 623, Diff=3.88003e-05
Step 624, Diff=3.87531e-05
Step 625, Diff=3.87059e-05
Step 626, Diff=3.86589e-05
Step 627, Diff=3.8612e-05
Step 628, Diff=3.85652e-05
Step 629, Diff=3.85186e-05
Step 630, Diff=3.84721e-05
Step 631, Diff=3.84258e-05
Step 632, Diff=3.83795e-05
Step 633, Diff=3.83334e-05
Step 634, Diff=3.82874e-05
Step 635, Diff=3.82416e-05
Step 636, Diff=3.81958e-05
Step 637, Diff=3.81502e-05
Step 638, Diff=3.81048e-05
Step 639, Diff=3.80594e-05
Step 640, Diff=3.80142e-05
Step 641, Diff=3.79691e-05
Step 642, Diff=3.79241e-05
Step 643, Diff=3.78792e-05
Step 644, Diff=3.78345e-05
Step 645, Diff=3.77899e-05
Step 646, Diff=3.77454e-05
Step 647, Diff=3.7701e-05
Step 648, Diff=3.76568e-05
Step 649, Diff=3.76126e-05
Step 650, Diff=3.75686e-05
Step 651, Diff=3.75247e-05
Step 652, Diff=3.74809e-05
Step 653, Diff=3.74373e-05
Step 654, Diff=3.73937e-05
Step 655, Diff=3.73503e-05
Step 656, Diff=3.7307e-05
Step 657, Diff=3.72638e-05
Step 658, Diff=3.72207e-05
Step 659, Diff=3.71778e-05
Step 660, Diff=3.71349e-05
Step 661, Diff=3.70922e-05
Step 662, Diff=3.70496e-05
Step 663, Diff=3.7007e-05
Step 664, Diff=3.69646e-05
Step 665, Diff=3.69224e-05
Step 666, Diff=3.68802e-05
Step 667, Diff=3.68381e-05
Step 668, Diff=3.67962e-05
Step 669, Diff=3.67543e-05
Step 670, Diff=3.67126e-05
Step 671, Diff=3.6671e-05
Step 672, Diff=3.66294e-05
Step 673, Diff=3.6588e-05
Step 674, Diff=3.65467e-05
Step 675, Diff=3.65055e-05
Step 676, Diff=3.64645e-05
Step 677, Diff=3.64235e-05
Step 678, Diff=3.63826e-05
Step 679, Diff=3.63418e-05
Step 680, Diff=3.63012e-05
Step 681, Diff=3.62606e-05
Step 682, Diff=3.62202e-05
Step 683, Diff=3.61798e-05
Step 684, Diff=3.61396e-05
Step 685, Diff=3.60994e-05
Step 686, Diff=3.60594e-05
Step 687, Diff=3.60194e-05
Step 688, Diff=3.59796e-05
Step 689, Diff=3.59399e-05
Step 690, Diff=3.59002e-05
Step 691, Diff=3.58607e-05
Step 692, Diff=3.58213e-05
Step 693, Diff=3.57819e-05
Step 694, Diff=3.57427e-05
Step 695, Diff=3.57036e-05
Step 696, Diff=3.56645e-05
Step 697, Diff=3.56256e-05
Step 698, Diff=3.55867e-05
Step 699, Diff=3.5548e-05
Step 700, Diff=3.55093e-05
Step 701, Diff=3.54708e-05
Step 702, Diff=3.54323e-05
Step 703, Diff=3.5394e-05
Step 704, Diff=3.53557e-05
Step 705, Diff=3.53176e-05
Step 706, Diff=3.52795e-05
Step 707, Diff=3.52415e-05
Step 708, Diff=3.52036e-05
Step 709, Diff=3.51658e-05
Step 710, Diff=3.51281e-05
Step 711, Diff=3.50905e-05
Step 712, Diff=3.5053e-05
Step 713, Diff=3.50156e-05
Step 714, Diff=3.49783e-05
Step 715, Diff=3.4941e-05
Step 716, Diff=3.49039e-05
Step 717, Diff=3.48668e-05
Step 718, Diff=3.48299e-05
Step 719, Diff=3.4793e-05
Step 720, Diff=3.47562e-05
Step 721, Diff=3.47195e-05
Step 722, Diff=3.46829e-05
Step 723, Diff=3.46464e-05
Step 724, Diff=3.461e-05
Step 725, Diff=3.45736e-05
Step 726, Diff=3.45374e-05
Step 727, Diff=3.45012e-05
Step 728, Diff=3.44652e-05
Step 729, Diff=3.44292e-05
Step 730, Diff=3.43933e-05
Step 731, Diff=3.43575e-05
Step 732, Diff=3.43217e-05
Step 733, Diff=3.42861e-05
Step 734, Diff=3.42505e-05
Step 735, Diff=3.4215e-05
Step 736, Diff=3.41796e-05
Step 737, Diff=3.41443e-05
Step 738, Diff=3.41091e-05
Step 739, Diff=3.4074e-05
Step 740, Diff=3.40389e-05
Step 741, Diff=3.4004e-05
Step 742, Diff=3.39691e-05
Step 743, Diff=3.39343e-05
Step 744, Diff=3.38995e-05
Step 745, Diff=3.38649e-05
Step 746, Diff=3.38303e-05
Step 747, Diff=3.37958e-05
Step 748, Diff=3.37614e-05
Step 749, Diff=3.37271e-05
Step 750, Diff=3.36929e-05
Step 751, Diff=3.36587e-05
Step 752, Diff=3.36246e-05
Step 753, Diff=3.35906e-05
Step 754, Diff=3.35567e-05
Step 755, Diff=3.35229e-05
Step 756, Diff=3.34891e-05
Step 757, Diff=3.34554e-05
Step 758, Diff=3.34218e-05
Step 759, Diff=3.33883e-05
Step 760, Diff=3.33548e-05
Step 761, Diff=3.33215e-05
Step 762, Diff=3.32882e-05
Step 763, Diff=3.32549e-05
Step 764, Diff=3.32218e-05
Step 765, Diff=3.31887e-05
Step 766, Diff=3.31557e-05
Step 767, Diff=3.31228e-05
Step 768, Diff=3.309e-05
Step 769, Diff=3.30572e-05
Step 770, Diff=3.30245e-05
Step 771, Diff=3.29919e-05
Step 772, Diff=3.29593e-05
Step 773, Diff=3.29269e-05
Step 774, Diff=3.28945e-05
Step 775, Diff=3.28621e-05
Step 776, Diff=3.28299e-05
Step 777, Diff=3.27977e-05
Step 778, Diff=3.27656e-05
Step 779, Diff=3.27336e-05
Step 780, Diff=3.27016e-05
Step 781, Diff=3.26697e-05
Step 782, Diff=3.26379e-05
Step 783, Diff=3.26062e-05
Step 784, Diff=3.25745e-05
Step 785, Diff=3.25429e-05
Step 786, Diff=3.25113e-05
Step 787, Diff=3.24799e-05
Step 788, Diff=3.24485e-05
Step 789, Diff=3.24172e-05
Step 790, Diff=3.23859e-05
Step 791, Diff=3.23547e-05
Step 792, Diff=3.23236e-05
Step 793, Diff=3.22925e-05
Step 794, Diff=3.22616e-05
Step 795, Diff=3.22307e-05
Step 796, Diff=3.21998e-05
Step 797, Diff=3.2169e-05
Step 798, Diff=3.21383e-05
Step 799, Diff=3.21077e-05
Step 800, Diff=3.20771e-05
Step 801, Diff=3.20466e-05
Step 802, Diff=3.20162e-05
Step 803, Diff=3.19858e-05
Step 804, Diff=3.19555e-05
Step 805, Diff=3.19253e-05
Step 806, Diff=3.18951e-05
Step 807, Diff=3.1865e-05
Step 808, Diff=3.18349e-05
Step 809, Diff=3.18049e-05
Step 810, Diff=3.1775e-05
Step 811, Diff=3.17452e-05
Step 812, Diff=3.17154e-05
Step 813, Diff=3.16857e-05
Step 814, Diff=3.1656e-05
Step 815, Diff=3.16264e-05
Step 816, Diff=3.15969e-05
Step 817, Diff=3.15674e-05
Step 818, Diff=3.1538e-05
Step 819, Diff=3.15087e-05
Step 820, Diff=3.14794e-05
Step 821, Diff=3.14502e-05
Step 822, Diff=3.14211e-05
Step 823, Diff=3.1392e-05
Step 824, Diff=3.13629e-05
Step 825, Diff=3.1334e-05
Step 826, Diff=3.13051e-05
Step 827, Diff=3.12762e-05
Step 828, Diff=3.12474e-05
Step 829, Diff=3.12187e-05
Step 830, Diff=3.11901e-05
Step 831, Diff=3.11615e-05
Step 832, Diff=3.11329e-05
Step 833, Diff=3.11044e-05
Step 834, Diff=3.1076e-05
Step 835, Diff=3.10477e-05
Step 836, Diff=3.10194e-05
Step 837, Diff=3.09911e-05
Step 838, Diff=3.09629e-05
Step 839, Diff=3.09348e-05
Step 840, Diff=3.09068e-05
Step 841, Diff=3.08787e-05
Step 842, Diff=3.08508e-05
Step 843, Diff=3.08229e-05
Step 844, Diff=3.07951e-05
Step 845, Diff=3.07673e-05
Step 846, Diff=3.07396e-05
Step 847, Diff=3.07119e-05
Step 848, Diff=3.06843e-05
Step 849, Diff=3.06568e-05
Step 850, Diff=3.06293e-05
Step 851, Diff=3.06019e-05
Step 852, Diff=3.05745e-05
Step 853, Diff=3.05472e-05
Step 854, Diff=3.05199e-05
Step 855, Diff=3.04927e-05
Step 856, Diff=3.04656e-05
Step 857, Diff=3.04385e-05
Step 858, Diff=3.04114e-05
Step 859, Diff=3.03844e-05
Step 860, Diff=3.03575e-05
Step 861, Diff=3.03306e-05
Step 862, Diff=3.03038e-05
Step 863, Diff=3.02771e-05
Step 864, Diff=3.02503e-05
Step 865, Diff=3.02237e-05
Step 866, Diff=3.01971e-05
Step 867, Diff=3.01705e-05
Step 868, Diff=3.0144e-05
Step 869, Diff=3.01176e-05
Step 870, Diff=3.00912e-05
Step 871, Diff=3.00649e-05
Step 872, Diff=3.00386e-05
Step 873, Diff=3.00124e-05
Step 874, Diff=2.99862e-05
Step 875, Diff=2.99601e-05
Step 876, Diff=2.9934e-05
Step 877, Diff=2.9908e-05
Step 878, Diff=2.9882e-05
Step 879, Diff=2.98561e-05
Step 880, Diff=2.98302e-05
Step 881, Diff=2.98044e-05
Step 882, Diff=2.97787e-05
Step 883, Diff=2.9753e-05
Step 884, Diff=2.97273e-05
Step 885, Diff=2.97017e-05
Step 886, Diff=2.96761e-05
Step 887, Diff=2.96506e-05
Step 888, Diff=2.96252e-05
Step 889, Diff=2.95998e-05
Step 890, Diff=2.95744e-05
Step 891, Diff=2.95491e-05
Step 892, Diff=2.95238e-05
Step 893, Diff=2.94986e-05
Step 894, Diff=2.94735e-05
Step 895, Diff=2.94484e-05
Step 896, Diff=2.94233e-05
Step 897, Diff=2.93983e-05
Step 898, Diff=2.93733e-05
Step 899, Diff=2.93484e-05
Step 900, Diff=2.93236e-05
Step 901, Diff=2.92988e-05
Step 902, Diff=2.9274e-05
Step 903, Diff=2.92493e-05
Step 904, Diff=2.92246e-05
Step 905, Diff=2.92e-05
Step 906, Diff=2.91754e-05
Step 907, Diff=2.91509e-05
Step 908, Diff=2.91264e-05
Step 909, Diff=2.9102e-05
Step 910, Diff=2.90776e-05
Step 911, Diff=2.90532e-05
Step 912, Diff=2.90289e-05
Step 913, Diff=2.90047e-05
Step 914, Diff=2.89805e-05
Step 915, Diff=2.89563e-05
Step 916, Diff=2.89322e-05
Step 917, Diff=2.89082e-05
Step 918, Diff=2.88842e-05
Step 919, Diff=2.88602e-05
Step 920, Diff=2.88363e-05
Step 921, Diff=2.88124e-05
Step 922, Diff=2.87886e-05
Step 923, Diff=2.87648e-05
Step 924, Diff=2.8741e-05
Step 925, Diff=2.87173e-05
Step 926, Diff=2.86937e-05
Step 927, Diff=2.86701e-05
Step 928, Diff=2.86465e-05
Step 929, Diff=2.8623e-05
Step 930, Diff=2.85995e-05
Step 931, Diff=2.85761e-05
Step 932, Diff=2.85527e-05
Step 933, Diff=2.85294e-05
Step 934, Diff=2.85061e-05
Step 935, Diff=2.84828e-05
Step 936, Diff=2.84596e-05
Step 937, Diff=2.84364e-05
Step 938, Diff=2.84133e-05
Step 939, Diff=2.83902e-05
Step 940, Diff=2.83672e-05
Step 941, Diff=2.83442e-05
Step 942, Diff=2.83213e-05
Step 943, Diff=2.82984e-05
Step 944, Diff=2.82755e-05
Step 945, Diff=2.82527e-05
Step 946, Diff=2.82299e-05
Step 947, Diff=2.82071e-05
Step 948, Diff=2.81844e-05
Step 949, Diff=2.81618e-05
Step 950, Diff=2.81392e-05
Step 951, Diff=2.81166e-05
Step 952, Diff=2.80941e-05
Step 953, Diff=2.80716e-05
Step 954, Diff=2.80491e-05
Step 955, Diff=2.80267e-05
Step 956, Diff=2.80044e-05
Step 957, Diff=2.79821e-05
Step 958, Diff=2.79598e-05
Step 959, Diff=2.79375e-05
Step 960, Diff=2.79153e-05
Step 961, Diff=2.78932e-05
Step 962, Diff=2.7871e-05
Step 963, Diff=2.7849e-05
Step 964, Diff=2.78269e-05
Step 965, Diff=2.78049e-05
Step 966, Diff=2.7783e-05
Step 967, Diff=2.7761e-05
Step 968, Diff=2.77392e-05
Step 969, Diff=2.77173e-05
Step 970, Diff=2.76955e-05
Step 971, Diff=2.76738e-05
Step 972, Diff=2.7652e-05
Step 973, Diff=2.76304e-05
Step 974, Diff=2.76087e-05
Step 975, Diff=2.75871e-05
Step 976, Diff=2.75655e-05
Step 977, Diff=2.7544e-05
Step 978, Diff=2.75225e-05
Step 979, Diff=2.75011e-05
Step 980, Diff=2.74797e-05
Step 981, Diff=2.74583e-05
Step 982, Diff=2.7437e-05
Step 983, Diff=2.74157e-05
Step 984, Diff=2.73944e-05
Step 985, Diff=2.73732e-05
Step 986, Diff=2.7352e-05
Step 987, Diff=2.73308e-05
Step 988, Diff=2.73097e-05
Step 989, Diff=2.72887e-05
Step 990, Diff=2.72676e-05
Step 991, Diff=2.72466e-05
Step 992, Diff=2.72257e-05
Step 993, Diff=2.72048e-05
Step 994, Diff=2.71839e-05
Step 995, Diff=2.7163e-05
Step 996, Diff=2.71422e-05
Step 997, Diff=2.71214e-05
Step 998, Diff=2.71007e-05
Step 999, Diff=2.708e-05
Step 1000, Diff=2.70593e-05
Step 1001, Diff=2.70387e-05
Step 1002, Diff=2.70181e-05
Step 1003, Diff=2.69975e-05
Step 1004, Diff=2.6977e-05
Step 1005, Diff=2.69565e-05
Step 1006, Diff=2.69361e-05
Step 1007, Diff=2.69157e-05
Step 1008, Diff=2.68953e-05
Step 1009, Diff=2.6875e-05
Step 1010, Diff=2.68546e-05
Step 1011, Diff=2.68344e-05
Step 1012, Diff=2.68141e-05
Step 1013, Diff=2.67939e-05
Step 1014, Diff=2.67738e-05
Step 1015, Diff=2.67536e-05
Step 1016, Diff=2.67335e-05
Step 1017, Diff=2.67135e-05
Step 1018, Diff=2.66934e-05
Step 1019, Diff=2.66734e-05
Step 1020, Diff=2.66535e-05
Step 1021, Diff=2.66336e-05
Step 1022, Diff=2.66137e-05
Step 1023, Diff=2.65938e-05
Step 1024, Diff=2.6574e-05
Step 1025, Diff=2.65542e-05
Step 1026, Diff=2.65344e-05
Step 1027, Diff=2.65147e-05
Step 1028, Diff=2.6495e-05
Step 1029, Diff=2.64754e-05
Step 1030, Diff=2.64558e-05
Step 1031, Diff=2.64362e-05
Step 1032, Diff=2.64166e-05
Step 1033, Diff=2.63971e-05
Step 1034, Diff=2.63776e-05
Step 1035, Diff=2.63582e-05
Step 1036, Diff=2.63387e-05
Step 1037, Diff=2.63193e-05
Step 1038, Diff=2.63e-05
Step 1039, Diff=2.62807e-05
Step 1040, Diff=2.62614e-05
Step 1041, Diff=2.62421e-05
Step 1042, Diff=2.62229e-05
Step 1043, Diff=2.62037e-05
Step 1044, Diff=2.61845e-05
Step 1045, Diff=2.61654e-05
Step 1046, Diff=2.61463e-05
Step 1047, Diff=2.61272e-05
Step 1048, Diff=2.61082e-05
Step 1049, Diff=2.60892e-05
Step 1050, Diff=2.60702e-05
Step 1051, Diff=2.60513e-05
Step 1052, Diff=2.60324e-05
Step 1053, Diff=2.60135e-05
Step 1054, Diff=2.59947e-05
Step 1055, Diff=2.59759e-05
Step 1056, Diff=2.59571e-05
Step 1057, Diff=2.59383e-05
Step 1058, Diff=2.59196e-05
Step 1059, Diff=2.59009e-05
Step 1060, Diff=2.58823e-05
Step 1061, Diff=2.58636e-05
Step 1062, Diff=2.5845e-05
Step 1063, Diff=2.58265e-05
Step 1064, Diff=2.58079e-05
Step 1065, Diff=2.57894e-05
Step 1066, Diff=2.5771e-05
Step 1067, Diff=2.57525e-05
Step 1068, Diff=2.57341e-05
Step 1069, Diff=2.57157e-05
Step 1070, Diff=2.56974e-05
Step 1071, Diff=2.56791e-05
Step 1072, Diff=2.56608e-05
Step 1073, Diff=2.56425e-05
Step 1074, Diff=2.56243e-05
Step 1075, Diff=2.56061e-05
Step 1076, Diff=2.55879e-05
Step 1077, Diff=2.55697e-05
Step 1078, Diff=2.55516e-05
Step 1079, Diff=2.55336e-05
Step 1080, Diff=2.55155e-05
Step 1081, Diff=2.54975e-05
Step 1082, Diff=2.54795e-05
Step 1083, Diff=2.54615e-05
Step 1084, Diff=2.54436e-05
Step 1085, Diff=2.54257e-05
Step 1086, Diff=2.54078e-05
Step 1087, Diff=2.53899e-05
Step 1088, Diff=2.53721e-05
Step 1089, Diff=2.53543e-05
Step 1090, Diff=2.53365e-05
Step 1091, Diff=2.53188e-05
Step 1092, Diff=2.53011e-05
Step 1093, Diff=2.52834e-05
Step 1094, Diff=2.52658e-05
Step 1095, Diff=2.52482e-05
Step 1096, Diff=2.52306e-05
Step 1097, Diff=2.5213e-05
Step 1098, Diff=2.51955e-05
Step 1099, Diff=2.51779e-05
Step 1100, Diff=2.51605e-05
Step 1101, Diff=2.5143e-05
Step 1102, Diff=2.51256e-05
Step 1103, Diff=2.51082e-05
Step 1104, Diff=2.50908e-05
Step 1105, Diff=2.50735e-05
Step 1106, Diff=2.50561e-05
Step 1107, Diff=2.50389e-05
Step 1108, Diff=2.50216e-05
Step 1109, Diff=2.50044e-05
Step 1110, Diff=2.49872e-05
Step 1111, Diff=2.497e-05
Step 1112, Diff=2.49528e-05
Step 1113, Diff=2.49357e-05
Step 1114, Diff=2.49186e-05
Step 1115, Diff=2.49015e-05
Step 1116, Diff=2.48845e-05
Step 1117, Diff=2.48675e-05
Step 1118, Diff=2.48505e-05
Step 1119, Diff=2.48335e-05
Step 1120, Diff=2.48166e-05
Step 1121, Diff=2.47997e-05
Step 1122, Diff=2.47828e-05
Step 1123, Diff=2.47659e-05
Step 1124, Diff=2.47491e-05
Step 1125, Diff=2.47323e-05
Step 1126, Diff=2.47155e-05
Step 1127, Diff=2.46987e-05
Step 1128, Diff=2.4682e-05
Step 1129, Diff=2.46653e-05
Step 1130, Diff=2.46486e-05
Step 1131, Diff=2.4632e-05
Step 1132, Diff=2.46154e-05
Step 1133, Diff=2.45988e-05
Step 1134, Diff=2.45822e-05
Step 1135, Diff=2.45656e-05
Step 1136, Diff=2.45491e-05
Step 1137, Diff=2.45326e-05
Step 1138, Diff=2.45161e-05
Step 1139, Diff=2.44997e-05
Step 1140, Diff=2.44833e-05
Step 1141, Diff=2.44669e-05
Step 1142, Diff=2.44505e-05
Step 1143, Diff=2.44342e-05
Step 1144, Diff=2.44179e-05
Step 1145, Diff=2.44016e-05
Step 1146, Diff=2.43853e-05
Step 1147, Diff=2.4369e-05
Step 1148, Diff=2.43528e-05
Step 1149, Diff=2.43366e-05
Step 1150, Diff=2.43205e-05
Step 1151, Diff=2.43043e-05
Step 1152, Diff=2.42882e-05
Step 1153, Diff=2.42721e-05
Step 1154, Diff=2.4256e-05
Step 1155, Diff=2.424e-05
Step 1156, Diff=2.4224e-05
Step 1157, Diff=2.4208e-05
Step 1158, Diff=2.4192e-05
Step 1159, Diff=2.4176e-05
Step 1160, Diff=2.41601e-05
Step 1161, Diff=2.41442e-05
Step 1162, Diff=2.41283e-05
Step 1163, Diff=2.41125e-05
Step 1164, Diff=2.40966e-05
Step 1165, Diff=2.40808e-05
Step 1166, Diff=2.4065e-05
Step 1167, Diff=2.40493e-05
Step 1168, Diff=2.40336e-05
Step 1169, Diff=2.40178e-05
Step 1170, Diff=2.40022e-05
Step 1171, Diff=2.39865e-05
Step 1172, Diff=2.39708e-05
Step 1173, Diff=2.39552e-05
Step 1174, Diff=2.39396e-05
Step 1175, Diff=2.39241e-05
Step 1176, Diff=2.39085e-05
Step 1177, Diff=2.3893e-05
Step 1178, Diff=2.38775e-05
Step 1179, Diff=2.3862e-05
Step 1180, Diff=2.38466e-05
Step 1181, Diff=2.38311e-05
Step 1182, Diff=2.38157e-05
Step 1183, Diff=2.38003e-05
Step 1184, Diff=2.3785e-05
Step 1185, Diff=2.37696e-05
Step 1186, Diff=2.37543e-05
Step 1187, Diff=2.3739e-05
Step 1188, Diff=2.37237e-05
Step 1189, Diff=2.37085e-05
Step 1190, Diff=2.36933e-05
Step 1191, Diff=2.3678e-05
Step 1192, Diff=2.36629e-05
Step 1193, Diff=2.36477e-05
Step 1194, Diff=2.36326e-05
Step 1195, Diff=2.36174e-05
Step 1196, Diff=2.36024e-05
Step 1197, Diff=2.35873e-05
Step 1198, Diff=2.35722e-05
Step 1199, Diff=2.35572e-05
Step 1200, Diff=2.35422e-05
Step 1201, Diff=2.35272e-05
Step 1202, Diff=2.35122e-05
Step 1203, Diff=2.34973e-05
Step 1204, Diff=2.34824e-05
Step 1205, Diff=2.34675e-05
Step 1206, Diff=2.34526e-05
Step 1207, Diff=2.34378e-05
Step 1208, Diff=2.34229e-05
Step 1209, Diff=2.34081e-05
Step 1210, Diff=2.33933e-05
Step 1211, Diff=2.33786e-05
Step 1212, Diff=2.33638e-05
Step 1213, Diff=2.33491e-05
Step 1214, Diff=2.33344e-05
Step 1215, Diff=2.33197e-05
Step 1216, Diff=2.3305e-05
Step 1217, Diff=2.32904e-05
Step 1218, Diff=2.32758e-05
Step 1219, Diff=2.32612e-05
Step 1220, Diff=2.32466e-05
Step 1221, Diff=2.3232e-05
Step 1222, Diff=2.32175e-05
Step 1223, Diff=2.3203e-05
Step 1224, Diff=2.31885e-05
Step 1225, Diff=2.3174e-05
Step 1226, Diff=2.31596e-05
Step 1227, Diff=2.31451e-05
Step 1228, Diff=2.31307e-05
Step 1229, Diff=2.31163e-05
Step 1230, Diff=2.3102e-05
Step 1231, Diff=2.30876e-05
Step 1232, Diff=2.30733e-05
Step 1233, Diff=2.3059e-05
Step 1234, Diff=2.30447e-05
Step 1235, Diff=2.30304e-05
Step 1236, Diff=2.30162e-05
Step 1237, Diff=2.3002e-05
Step 1238, Diff=2.29878e-05
Step 1239, Diff=2.29736e-05
Step 1240, Diff=2.29594e-05
Step 1241, Diff=2.29453e-05
Step 1242, Diff=2.29311e-05
Step 1243, Diff=2.2917e-05
Step 1244, Diff=2.29029e-05
Step 1245, Diff=2.28889e-05
Step 1246, Diff=2.28748e-05
Step 1247, Diff=2.28608e-05
Step 1248, Diff=2.28468e-05
Step 1249, Diff=2.28328e-05
Step 1250, Diff=2.28188e-05
Step 1251, Diff=2.28049e-05
Step 1252, Diff=2.27909e-05
Step 1253, Diff=2.2777e-05
Step 1254, Diff=2.27631e-05
Step 1255, Diff=2.27493e-05
Step 1256, Diff=2.27354e-05
Step 1257, Diff=2.27216e-05
Step 1258, Diff=2.27078e-05
Step 1259, Diff=2.2694e-05
Step 1260, Diff=2.26802e-05
Step 1261, Diff=2.26665e-05
Step 1262, Diff=2.26527e-05
Step 1263, Diff=2.2639e-05
Step 1264, Diff=2.26253e-05
Step 1265, Diff=2.26116e-05
Step 1266, Diff=2.2598e-05
Step 1267, Diff=2.25843e-05
Step 1268, Diff=2.25707e-05
Step 1269, Diff=2.25571e-05
Step 1270, Diff=2.25435e-05
Step 1271, Diff=2.25299e-05
Step 1272, Diff=2.25164e-05
Step 1273, Diff=2.25029e-05
Step 1274, Diff=2.24894e-05
Step 1275, Diff=2.24759e-05
Step 1276, Diff=2.24624e-05
Step 1277, Diff=2.24489e-05
Step 1278, Diff=2.24355e-05
Step 1279, Diff=2.24221e-05
Step 1280, Diff=2.24087e-05
Step 1281, Diff=2.23953e-05
Step 1282, Diff=2.23819e-05
Step 1283, Diff=2.23686e-05
Step 1284, Diff=2.23553e-05
Step 1285, Diff=2.2342e-05
Step 1286, Diff=2.23287e-05
Step 1287, Diff=2.23154e-05
Step 1288, Diff=2.23022e-05
Step 1289, Diff=2.22889e-05
Step 1290, Diff=2.22757e-05
Step 1291, Diff=2.22625e-05
Step 1292, Diff=2.22493e-05
Step 1293, Diff=2.22362e-05
Step 1294, Diff=2.2223e-05
Step 1295, Diff=2.22099e-05
Step 1296, Diff=2.21968e-05
Step 1297, Diff=2.21837e-05
Step 1298, Diff=2.21706e-05
Step 1299, Diff=2.21575e-05
Step 1300, Diff=2.21445e-05
Step 1301, Diff=2.21315e-05
Step 1302, Diff=2.21185e-05
Step 1303, Diff=2.21055e-05
Step 1304, Diff=2.20925e-05
Step 1305, Diff=2.20796e-05
Step 1306, Diff=2.20666e-05
Step 1307, Diff=2.20537e-05
Step 1308, Diff=2.20408e-05
Step 1309, Diff=2.20279e-05
Step 1310, Diff=2.20151e-05
Step 1311, Diff=2.20022e-05
Step 1312, Diff=2.19894e-05
Step 1313, Diff=2.19766e-05
Step 1314, Diff=2.19638e-05
Step 1315, Diff=2.1951e-05
Step 1316, Diff=2.19382e-05
Step 1317, Diff=2.19255e-05
Step 1318, Diff=2.19128e-05
Step 1319, Diff=2.19001e-05
Step 1320, Diff=2.18874e-05
Step 1321, Diff=2.18747e-05
Step 1322, Diff=2.1862e-05
Step 1323, Diff=2.18494e-05
Step 1324, Diff=2.18368e-05
Step 1325, Diff=2.18241e-05
Step 1326, Diff=2.18116e-05
Step 1327, Diff=2.1799e-05
Step 1328, Diff=2.17864e-05
Step 1329, Diff=2.17739e-05
Step 1330, Diff=2.17613e-05
Step 1331, Diff=2.17488e-05
Step 1332, Diff=2.17363e-05
Step 1333, Diff=2.17239e-05
Step 1334, Diff=2.17114e-05
Step 1335, Diff=2.1699e-05
Step 1336, Diff=2.16865e-05
Step 1337, Diff=2.16741e-05
Step 1338, Diff=2.16617e-05
Step 1339, Diff=2.16493e-05
Step 1340, Diff=2.1637e-05
Step 1341, Diff=2.16246e-05
Step 1342, Diff=2.16123e-05
Step 1343, Diff=2.16e-05
Step 1344, Diff=2.15877e-05
Step 1345, Diff=2.15754e-05
Step 1346, Diff=2.15631e-05
Step 1347, Diff=2.15509e-05
Step 1348, Diff=2.15386e-05
Step 1349, Diff=2.15264e-05
Step 1350, Diff=2.15142e-05
Step 1351, Diff=2.1502e-05
Step 1352, Diff=2.14899e-05
Step 1353, Diff=2.14777e-05
Step 1354, Diff=2.14656e-05
Step 1355, Diff=2.14534e-05
Step 1356, Diff=2.14413e-05
Step 1357, Diff=2.14292e-05
Step 1358, Diff=2.14172e-05
Step 1359, Diff=2.14051e-05
Step 1360, Diff=2.13931e-05
Step 1361, Diff=2.1381e-05
Step 1362, Diff=2.1369e-05
Step 1363, Diff=2.1357e-05
Step 1364, Diff=2.1345e-05
Step 1365, Diff=2.13331e-05
Step 1366, Diff=2.13211e-05
Step 1367, Diff=2.13092e-05
Step 1368, Diff=2.12972e-05
Step 1369, Diff=2.12853e-05
Step 1370, Diff=2.12734e-05
Step 1371, Diff=2.12616e-05
Step 1372, Diff=2.12497e-05
Step 1373, Diff=2.12379e-05
Step 1374, Diff=2.1226e-05
Step 1375, Diff=2.12142e-05
Step 1376, Diff=2.12024e-05
Step 1377, Diff=2.11906e-05
Step 1378, Diff=2.11788e-05
Step 1379, Diff=2.11671e-05
Step 1380, Diff=2.11553e-05
Step 1381, Diff=2.11436e-05
Step 1382, Diff=2.11319e-05
Step 1383, Diff=2.11202e-05
Step 1384, Diff=2.11085e-05
Step 1385, Diff=2.10969e-05
Step 1386, Diff=2.10852e-05
Step 1387, Diff=2.10736e-05
Step 1388, Diff=2.10619e-05
Step 1389, Diff=2.10503e-05
Step 1390, Diff=2.10387e-05
Step 1391, Diff=2.10272e-05
Step 1392, Diff=2.10156e-05
Step 1393, Diff=2.10041e-05
Step 1394, Diff=2.09925e-05
Step 1395, Diff=2.0981e-05
Step 1396, Diff=2.09695e-05
Step 1397, Diff=2.0958e-05
Step 1398, Diff=2.09465e-05
Step 1399, Diff=2.09351e-05
Step 1400, Diff=2.09236e-05
Step 1401, Diff=2.09122e-05
Step 1402, Diff=2.09008e-05
Step 1403, Diff=2.08893e-05
Step 1404, Diff=2.0878e-05
Step 1405, Diff=2.08666e-05
Step 1406, Diff=2.08552e-05
Step 1407, Diff=2.08439e-05
Step 1408, Diff=2.08325e-05
Step 1409, Diff=2.08212e-05
Step 1410, Diff=2.08099e-05
Step 1411, Diff=2.07986e-05
Step 1412, Diff=2.07873e-05
Step 1413, Diff=2.07761e-05
Step 1414, Diff=2.07648e-05
Step 1415, Diff=2.07536e-05
Step 1416, Diff=2.07424e-05
Step 1417, Diff=2.07312e-05
Step 1418, Diff=2.072e-05
Step 1419, Diff=2.07088e-05
Step 1420, Diff=2.06976e-05
Step 1421, Diff=2.06865e-05
Step 1422, Diff=2.06753e-05
Step 1423, Diff=2.06642e-05
Step 1424, Diff=2.06531e-05
Step 1425, Diff=2.0642e-05
Step 1426, Diff=2.06309e-05
Step 1427, Diff=2.06198e-05
Step 1428, Diff=2.06088e-05
Step 1429, Diff=2.05977e-05
Step 1430, Diff=2.05867e-05
Step 1431, Diff=2.05757e-05
Step 1432, Diff=2.05647e-05
Step 1433, Diff=2.05537e-05
Step 1434, Diff=2.05427e-05
Step 1435, Diff=2.05317e-05
Step 1436, Diff=2.05208e-05
Step 1437, Diff=2.05099e-05
Step 1438, Diff=2.04989e-05
Step 1439, Diff=2.0488e-05
Step 1440, Diff=2.04771e-05
Step 1441, Diff=2.04662e-05
Step 1442, Diff=2.04554e-05
Step 1443, Diff=2.04445e-05
Step 1444, Diff=2.04337e-05
Step 1445, Diff=2.04228e-05
Step 1446, Diff=2.0412e-05
Step 1447, Diff=2.04012e-05
Step 1448, Diff=2.03904e-05
Step 1449, Diff=2.03797e-05
Step 1450, Diff=2.03689e-05
Step 1451, Diff=2.03581e-05
Step 1452, Diff=2.03474e-05
Step 1453, Diff=2.03367e-05
Step 1454, Diff=2.0326e-05
Step 1455, Diff=2.03153e-05
Step 1456, Diff=2.03046e-05
Step 1457, Diff=2.02939e-05
Step 1458, Diff=2.02832e-05
Step 1459, Diff=2.02726e-05
Step 1460, Diff=2.0262e-05
Step 1461, Diff=2.02513e-05
Step 1462, Diff=2.02407e-05
Step 1463, Diff=2.02301e-05
Step 1464, Diff=2.02195e-05
Step 1465, Diff=2.0209e-05
Step 1466, Diff=2.01984e-05
Step 1467, Diff=2.01879e-05
Step 1468, Diff=2.01773e-05
Step 1469, Diff=2.01668e-05
Step 1470, Diff=2.01563e-05
Step 1471, Diff=2.01458e-05
Step 1472, Diff=2.01353e-05
Step 1473, Diff=2.01248e-05
Step 1474, Diff=2.01144e-05
Step 1475, Diff=2.01039e-05
Step 1476, Diff=2.00935e-05
Step 1477, Diff=2.00831e-05
Step 1478, Diff=2.00727e-05
Step 1479, Diff=2.00623e-05
Step 1480, Diff=2.00519e-05
Step 1481, Diff=2.00415e-05
Step 1482, Diff=2.00312e-05
Step 1483, Diff=2.00208e-05
Step 1484, Diff=2.00105e-05
Step 1485, Diff=2.00002e-05
Step 1486, Diff=1.99898e-05
Step 1487, Diff=1.99795e-05
Step 1488, Diff=1.99693e-05
Step 1489, Diff=1.9959e-05
Step 1490, Diff=1.99487e-05
Step 1491, Diff=1.99385e-05
Step 1492, Diff=1.99282e-05
Step 1493, Diff=1.9918e-05
Step 1494, Diff=1.99078e-05
Step 1495, Diff=1.98976e-05
Step 1496, Diff=1.98874e-05
Step 1497, Diff=1.98772e-05
Step 1498, Diff=1.98671e-05
Step 1499, Diff=1.98569e-05
Step 1500, Diff=1.98468e-05
Step 1501, Diff=1.98366e-05
Step 1502, Diff=1.98265e-05
Step 1503, Diff=1.98164e-05
Step 1504, Diff=1.98063e-05
Step 1505, Diff=1.97962e-05
Step 1506, Diff=1.97862e-05
Step 1507, Diff=1.97761e-05
Step 1508, Diff=1.9766e-05
Step 1509, Diff=1.9756e-05
Step 1510, Diff=1.9746e-05
Step 1511, Diff=1.9736e-05
Step 1512, Diff=1.9726e-05
Step 1513, Diff=1.9716e-05
Step 1514, Diff=1.9706e-05
Step 1515, Diff=1.9696e-05
Step 1516, Diff=1.96861e-05
Step 1517, Diff=1.96761e-05
Step 1518, Diff=1.96662e-05
Step 1519, Diff=1.96563e-05
Step 1520, Diff=1.96464e-05
Step 1521, Diff=1.96365e-05
Step 1522, Diff=1.96266e-05
Step 1523, Diff=1.96167e-05
Step 1524, Diff=1.96068e-05
Step 1525, Diff=1.9597e-05
Step 1526, Diff=1.95872e-05
Step 1527, Diff=1.95773e-05
Step 1528, Diff=1.95675e-05
Step 1529, Diff=1.95577e-05
Step 1530, Diff=1.95479e-05
Step 1531, Diff=1.95381e-05
Step 1532, Diff=1.95283e-05
Step 1533, Diff=1.95186e-05
Step 1534, Diff=1.95088e-05
Step 1535, Diff=1.94991e-05
Step 1536, Diff=1.94894e-05
Step 1537, Diff=1.94796e-05
Step 1538, Diff=1.94699e-05
Step 1539, Diff=1.94602e-05
Step 1540, Diff=1.94506e-05
Step 1541, Diff=1.94409e-05
Step 1542, Diff=1.94312e-05
Step 1543, Diff=1.94216e-05
Step 1544, Diff=1.94119e-05
Step 1545, Diff=1.94023e-05
Step 1546, Diff=1.93927e-05
Step 1547, Diff=1.93831e-05
Step 1548, Diff=1.93735e-05
Step 1549, Diff=1.93639e-05
Step 1550, Diff=1.93543e-05
Step 1551, Diff=1.93447e-05
Step 1552, Diff=1.93352e-05
Step 1553, Diff=1.93256e-05
Step 1554, Diff=1.93161e-05
Step 1555, Diff=1.93066e-05
Step 1556, Diff=1.92971e-05
Step 1557, Diff=1.92876e-05
Step 1558, Diff=1.92781e-05
Step 1559, Diff=1.92686e-05
Step 1560, Diff=1.92592e-05
Step 1561, Diff=1.92497e-05
Step 1562, Diff=1.92402e-05
Step 1563, Diff=1.92308e-05
Step 1564, Diff=1.92214e-05
Step 1565, Diff=1.9212e-05
Step 1566, Diff=1.92026e-05
Step 1567, Diff=1.91932e-05
Step 1568, Diff=1.91838e-05
Step 1569, Diff=1.91744e-05
Step 1570, Diff=1.91651e-05
Step 1571, Diff=1.91557e-05
Step 1572, Diff=1.91464e-05
Step 1573, Diff=1.9137e-05
Step 1574, Diff=1.91277e-05
Step 1575, Diff=1.91184e-05
Step 1576, Diff=1.91091e-05
Step 1577, Diff=1.90998e-05
Step 1578, Diff=1.90905e-05
Step 1579, Diff=1.90813e-05
Step 1580, Diff=1.9072e-05
Step 1581, Diff=1.90628e-05
Step 1582, Diff=1.90535e-05
Step 1583, Diff=1.90443e-05
Step 1584, Diff=1.90351e-05
Step 1585, Diff=1.90259e-05
Step 1586, Diff=1.90167e-05
Step 1587, Diff=1.90075e-05
Step 1588, Diff=1.89983e-05
Step 1589, Diff=1.89891e-05
Step 1590, Diff=1.898e-05
Step 1591, Diff=1.89708e-05
Step 1592, Diff=1.89617e-05
Step 1593, Diff=1.89526e-05
Step 1594, Diff=1.89435e-05
Step 1595, Diff=1.89344e-05
Step 1596, Diff=1.89253e-05
Step 1597, Diff=1.89162e-05
Step 1598, Diff=1.89071e-05
Step 1599, Diff=1.8898e-05
Step 1600, Diff=1.8889e-05
Step 1601, Diff=1.88799e-05
Step 1602, Diff=1.88709e-05
Step 1603, Diff=1.88619e-05
Step 1604, Diff=1.88528e-05
Step 1605, Diff=1.88438e-05
Step 1606, Diff=1.88348e-05
Step 1607, Diff=1.88259e-05
Step 1608, Diff=1.88169e-05
Step 1609, Diff=1.88079e-05
Step 1610, Diff=1.8799e-05
Step 1611, Diff=1.879e-05
Step 1612, Diff=1.87811e-05
Step 1613, Diff=1.87721e-05
Step 1614, Diff=1.87632e-05
Step 1615, Diff=1.87543e-05
Step 1616, Diff=1.87454e-05
Step 1617, Diff=1.87365e-05
Step 1618, Diff=1.87276e-05
Step 1619, Diff=1.87188e-05
Step 1620, Diff=1.87099e-05
Step 1621, Diff=1.87011e-05
Step 1622, Diff=1.86922e-05
Step 1623, Diff=1.86834e-05
Step 1624, Diff=1.86746e-05
Step 1625, Diff=1.86658e-05
Step 1626, Diff=1.8657e-05
Step 1627, Diff=1.86482e-05
Step 1628, Diff=1.86394e-05
Step 1629, Diff=1.86306e-05
Step 1630, Diff=1.86218e-05
Step 1631, Diff=1.86131e-05
Step 1632, Diff=1.86043e-05
Step 1633, Diff=1.85956e-05
Step 1634, Diff=1.85869e-05
Step 1635, Diff=1.85781e-05
Step 1636, Diff=1.85694e-05
Step 1637, Diff=1.85607e-05
Step 1638, Diff=1.8552e-05
Step 1639, Diff=1.85434e-05
Step 1640, Diff=1.85347e-05
Step 1641, Diff=1.8526e-05
Step 1642, Diff=1.85174e-05
Step 1643, Diff=1.85087e-05
Step 1644, Diff=1.85001e-05
Step 1645, Diff=1.84915e-05
Step 1646, Diff=1.84829e-05
Step 1647, Diff=1.84742e-05
Step 1648, Diff=1.84657e-05
Step 1649, Diff=1.84571e-05
Step 1650, Diff=1.84485e-05
Step 1651, Diff=1.84399e-05
Step 1652, Diff=1.84314e-05
Step 1653, Diff=1.84228e-05
Step 1654, Diff=1.84143e-05
Step 1655, Diff=1.84057e-05
Step 1656, Diff=1.83972e-05
Step 1657, Diff=1.83887e-05
Step 1658, Diff=1.83802e-05
Step 1659, Diff=1.83717e-05
Step 1660, Diff=1.83632e-05
Step 1661, Diff=1.83547e-05
Step 1662, Diff=1.83462e-05
Step 1663, Diff=1.83378e-05
Step 1664, Diff=1.83293e-05
Step 1665, Diff=1.83209e-05
Step 1666, Diff=1.83124e-05
Step 1667, Diff=1.8304e-05
Step 1668, Diff=1.82956e-05
Step 1669, Diff=1.82872e-05
Step 1670, Diff=1.82788e-05
Step 1671, Diff=1.82704e-05
Step 1672, Diff=1.8262e-05
Step 1673, Diff=1.82536e-05
Step 1674, Diff=1.82453e-05
Step 1675, Diff=1.82369e-05
Step 1676, Diff=1.82286e-05
Step 1677, Diff=1.82202e-05
Step 1678, Diff=1.82119e-05
Step 1679, Diff=1.82036e-05
Step 1680, Diff=1.81953e-05
Step 1681, Diff=1.8187e-05
Step 1682, Diff=1.81787e-05
Step 1683, Diff=1.81704e-05
Step 1684, Diff=1.81621e-05
Step 1685, Diff=1.81538e-05
Step 1686, Diff=1.81456e-05
Step 1687, Diff=1.81373e-05
Step 1688, Diff=1.81291e-05
Step 1689, Diff=1.81208e-05
Step 1690, Diff=1.81126e-05
Step 1691, Diff=1.81044e-05
Step 1692, Diff=1.80962e-05
Step 1693, Diff=1.8088e-05
Step 1694, Diff=1.80798e-05
Step 1695, Diff=1.80716e-05
Step 1696, Diff=1.80634e-05
Step 1697, Diff=1.80553e-05
Step 1698, Diff=1.80471e-05
Step 1699, Diff=1.8039e-05
Step 1700, Diff=1.80308e-05
Step 1701, Diff=1.80227e-05
Step 1702, Diff=1.80146e-05
Step 1703, Diff=1.80064e-05
Step 1704, Diff=1.79983e-05
Step 1705, Diff=1.79902e-05
Step 1706, Diff=1.79821e-05
Step 1707, Diff=1.79741e-05
Step 1708, Diff=1.7966e-05
Step 1709, Diff=1.79579e-05
Step 1710, Diff=1.79499e-05
Step 1711, Diff=1.79418e-05
Step 1712, Diff=1.79338e-05
Step 1713, Diff=1.79257e-05
Step 1714, Diff=1.79177e-05
Step 1715, Diff=1.79097e-05
Step 1716, Diff=1.79017e-05
Step 1717, Diff=1.78937e-05
Step 1718, Diff=1.78857e-05
Step 1719, Diff=1.78777e-05
Step 1720, Diff=1.78697e-05
Step 1721, Diff=1.78618e-05
Step 1722, Diff=1.78538e-05
Step 1723, Diff=1.78458e-05
Step 1724, Diff=1.78379e-05
Step 1725, Diff=1.783e-05
Step 1726, Diff=1.7822e-05
Step 1727, Diff=1.78141e-05
Step 1728, Diff=1.78062e-05
Step 1729, Diff=1.77983e-05
Step 1730, Diff=1.77904e-05
Step 1731, Diff=1.77825e-05
Step 1732, Diff=1.77746e-05
Step 1733, Diff=1.77668e-05
Step 1734, Diff=1.77589e-05
Step 1735, Diff=1.77511e-05
Step 1736, Diff=1.77432e-05
Step 1737, Diff=1.77354e-05
Step 1738, Diff=1.77275e-05
Step 1739, Diff=1.77197e-05
Step 1740, Diff=1.77119e-05
Step 1741, Diff=1.77041e-05
Step 1742, Diff=1.76963e-05
Step 1743, Diff=1.76885e-05
Step 1744, Diff=1.76807e-05
Step 1745, Diff=1.76729e-05
Step 1746, Diff=1.76652e-05
Step 1747, Diff=1.76574e-05
Step 1748, Diff=1.76497e-05
Step 1749, Diff=1.76419e-05
Step 1750, Diff=1.76342e-05
Step 1751, Diff=1.76264e-05
Step 1752, Diff=1.76187e-05
Step 1753, Diff=1.7611e-05
Step 1754, Diff=1.76033e-05
Step 1755, Diff=1.75956e-05
Step 1756, Diff=1.75879e-05
Step 1757, Diff=1.75802e-05
Step 1758, Diff=1.75725e-05
Step 1759, Diff=1.75649e-05
Step 1760, Diff=1.75572e-05
Step 1761, Diff=1.75496e-05
Step 1762, Diff=1.75419e-05
Step 1763, Diff=1.75343e-05
Step 1764, Diff=1.75266e-05
Step 1765, Diff=1.7519e-05
Step 1766, Diff=1.75114e-05
Step 1767, Diff=1.75038e-05
Step 1768, Diff=1.74962e-05
Step 1769, Diff=1.74886e-05
Step 1770, Diff=1.7481e-05
Step 1771, Diff=1.74735e-05
Step 1772, Diff=1.74659e-05
Step 1773, Diff=1.74583e-05
Step 1774, Diff=1.74508e-05
Step 1775, Diff=1.74432e-05
Step 1776, Diff=1.74357e-05
Step 1777, Diff=1.74281e-05
Step 1778, Diff=1.74206e-05
Step 1779, Diff=1.74131e-05
Step 1780, Diff=1.74056e-05
Step 1781, Diff=1.73981e-05
Step 1782, Diff=1.73906e-05
Step 1783, Diff=1.73831e-05
Step 1784, Diff=1.73756e-05
Step 1785, Diff=1.73682e-05
Step 1786, Diff=1.73607e-05
Step 1787, Diff=1.73532e-05
Step 1788, Diff=1.73458e-05
Step 1789, Diff=1.73383e-05
Step 1790, Diff=1.73309e-05
Step 1791, Diff=1.73235e-05
Step 1792, Diff=1.7316e-05
Step 1793, Diff=1.73086e-05
Step 1794, Diff=1.73012e-05
Step 1795, Diff=1.72938e-05
Step 1796, Diff=1.72864e-05
Step 1797, Diff=1.7279e-05
Step 1798, Diff=1.72717e-05
Step 1799, Diff=1.72643e-05
Step 1800, Diff=1.72569e-05
Step 1801, Diff=1.72496e-05
Step 1802, Diff=1.72422e-05
Step 1803, Diff=1.72349e-05
Step 1804, Diff=1.72275e-05
Step 1805, Diff=1.72202e-05
Step 1806, Diff=1.72129e-05
Step 1807, Diff=1.72056e-05
Step 1808, Diff=1.71983e-05
Step 1809, Diff=1.7191e-05
Step 1810, Diff=1.71837e-05
Step 1811, Diff=1.71764e-05
Step 1812, Diff=1.71691e-05
Step 1813, Diff=1.71618e-05
Step 1814, Diff=1.71546e-05
Step 1815, Diff=1.71473e-05
Step 1816, Diff=1.71401e-05
Step 1817, Diff=1.71328e-05
Step 1818, Diff=1.71256e-05
Step 1819, Diff=1.71184e-05
Step 1820, Diff=1.71111e-05
Step 1821, Diff=1.71039e-05
Step 1822, Diff=1.70967e-05
Step 1823, Diff=1.70895e-05
Step 1824, Diff=1.70823e-05
Step 1825, Diff=1.70751e-05
Step 1826, Diff=1.70679e-05
Step 1827, Diff=1.70608e-05
Step 1828, Diff=1.70536e-05
Step 1829, Diff=1.70464e-05
Step 1830, Diff=1.70393e-05
Step 1831, Diff=1.70321e-05
Step 1832, Diff=1.7025e-05
Step 1833, Diff=1.70179e-05
Step 1834, Diff=1.70107e-05
Step 1835, Diff=1.70036e-05
Step 1836, Diff=1.69965e-05
Step 1837, Diff=1.69894e-05
Step 1838, Diff=1.69823e-05
Step 1839, Diff=1.69752e-05
Step 1840, Diff=1.69681e-05
Step 1841, Diff=1.69611e-05
Step 1842, Diff=1.6954e-05
Step 1843, Diff=1.69469e-05
Step 1844, Diff=1.69399e-05
Step 1845, Diff=1.69328e-05
Step 1846, Diff=1.69258e-05
Step 1847, Diff=1.69187e-05
Step 1848, Diff=1.69117e-05
Step 1849, Diff=1.69047e-05
Step 1850, Diff=1.68976e-05
Step 1851, Diff=1.68906e-05
Step 1852, Diff=1.68836e-05
Step 1853, Diff=1.68766e-05
Step 1854, Diff=1.68696e-05
Step 1855, Diff=1.68627e-05
Step 1856, Diff=1.68557e-05
Step 1857, Diff=1.68487e-05
Step 1858, Diff=1.68417e-05
Step 1859, Diff=1.68348e-05
Step 1860, Diff=1.68278e-05
Step 1861, Diff=1.68209e-05
Step 1862, Diff=1.68139e-05
Step 1863, Diff=1.6807e-05
Step 1864, Diff=1.68001e-05
Step 1865, Diff=1.67932e-05
Step 1866, Diff=1.67863e-05
Step 1867, Diff=1.67793e-05
Step 1868, Diff=1.67724e-05
Step 1869, Diff=1.67656e-05
Step 1870, Diff=1.67587e-05
Step 1871, Diff=1.67518e-05
Step 1872, Diff=1.67449e-05
Step 1873, Diff=1.6738e-05
Step 1874, Diff=1.67312e-05
Step 1875, Diff=1.67243e-05
Step 1876, Diff=1.67175e-05
Step 1877, Diff=1.67106e-05
Step 1878, Diff=1.67038e-05
Step 1879, Diff=1.6697e-05
Step 1880, Diff=1.66902e-05
Step 1881, Diff=1.66833e-05
Step 1882, Diff=1.66765e-05
Step 1883, Diff=1.66697e-05
Step 1884, Diff=1.66629e-05
Step 1885, Diff=1.66561e-05
Step 1886, Diff=1.66493e-05
Step 1887, Diff=1.66426e-05
Step 1888, Diff=1.66358e-05
Step 1889, Diff=1.6629e-05
Step 1890, Diff=1.66223e-05
Step 1891, Diff=1.66155e-05
Step 1892, Diff=1.66088e-05
Step 1893, Diff=1.6602e-05
Step 1894, Diff=1.65953e-05
Step 1895, Diff=1.65886e-05
Step 1896, Diff=1.65818e-05
Step 1897, Diff=1.65751e-05
Step 1898, Diff=1.65684e-05
Step 1899, Diff=1.65617e-05
Step 1900, Diff=1.6555e-05
Step 1901, Diff=1.65483e-05
Step 1902, Diff=1.65416e-05
Step 1903, Diff=1.6535e-05
Step 1904, Diff=1.65283e-05
Step 1905, Diff=1.65216e-05
Step 1906, Diff=1.6515e-05
Step 1907, Diff=1.65083e-05
Step 1908, Diff=1.65017e-05
Step 1909, Diff=1.6495e-05
Step 1910, Diff=1.64884e-05
Step 1911, Diff=1.64818e-05
Step 1912, Diff=1.64751e-05
Step 1913, Diff=1.64685e-05
Step 1914, Diff=1.64619e-05
Step 1915, Diff=1.64553e-05
Step 1916, Diff=1.64487e-05
Step 1917, Diff=1.64421e-05
Step 1918, Diff=1.64355e-05
Step 1919, Diff=1.64289e-05
Step 1920, Diff=1.64224e-05
Step 1921, Diff=1.64158e-05
Step 1922, Diff=1.64092e-05
Step 1923, Diff=1.64027e-05
Step 1924, Diff=1.63961e-05
Step 1925, Diff=1.63896e-05
Step 1926, Diff=1.6383e-05
Step 1927, Diff=1.63765e-05
Step 1928, Diff=1.637e-05
Step 1929, Diff=1.63635e-05
Step 1930, Diff=1.63569e-05
Step 1931, Diff=1.63504e-05
Step 1932, Diff=1.63439e-05
Step 1933, Diff=1.63374e-05
Step 1934, Diff=1.63309e-05
Step 1935, Diff=1.63245e-05
Step 1936, Diff=1.6318e-05
Step 1937, Diff=1.63115e-05
Step 1938, Diff=1.6305e-05
Step 1939, Diff=1.62986e-05
Step 1940, Diff=1.62921e-05
Step 1941, Diff=1.62857e-05
Step 1942, Diff=1.62792e-05
Step 1943, Diff=1.62728e-05
Step 1944, Diff=1.62663e-05
Step 1945, Diff=1.62599e-05
Step 1946, Diff=1.62535e-05
Step 1947, Diff=1.62471e-05
Step 1948, Diff=1.62407e-05
Step 1949, Diff=1.62343e-05
Step 1950, Diff=1.62279e-05
Step 1951, Diff=1.62215e-05
Step 1952, Diff=1.62151e-05
Step 1953, Diff=1.62087e-05
Step 1954, Diff=1.62023e-05
Step 1955, Diff=1.6196e-05
Step 1956, Diff=1.61896e-05
Step 1957, Diff=1.61832e-05
Step 1958, Diff=1.61769e-05
Step 1959, Diff=1.61705e-05
Step 1960, Diff=1.61642e-05
Step 1961, Diff=1.61579e-05
Step 1962, Diff=1.61515e-05
Step 1963, Diff=1.61452e-05
Step 1964, Diff=1.61389e-05
Step 1965, Diff=1.61326e-05
Step 1966, Diff=1.61263e-05
Step 1967, Diff=1.612e-05
Step 1968, Diff=1.61137e-05
Step 1969, Diff=1.61074e-05
Step 1970, Diff=1.61011e-05
Step 1971, Diff=1.60948e-05
Step 1972, Diff=1.60885e-05
Step 1973, Diff=1.60823e-05
Step 1974, Diff=1.6076e-05
Step 1975, Diff=1.60698e-05
Step 1976, Diff=1.60635e-05
Step 1977, Diff=1.60573e-05
Step 1978, Diff=1.6051e-05
Step 1979, Diff=1.60448e-05
Step 1980, Diff=1.60386e-05
Step 1981, Diff=1.60323e-05
Step 1982, Diff=1.60261e-05
Step 1983, Diff=1.60199e-05
Step 1984, Diff=1.60137e-05
Step 1985, Diff=1.60075e-05
Step 1986, Diff=1.60013e-05
Step 1987, Diff=1.59951e-05
Step 1988, Diff=1.59889e-05
Step 1989, Diff=1.59827e-05
Step 1990, Diff=1.59766e-05
Step 1991, Diff=1.59704e-05
Step 1992, Diff=1.59642e-05
Step 1993, Diff=1.59581e-05
Step 1994, Diff=1.59519e-05
Step 1995, Diff=1.59458e-05
Step 1996, Diff=1.59396e-05
Step 1997, Diff=1.59335e-05
Step 1998, Diff=1.59274e-05
Step 1999, Diff=1.59212e-05
Step 2000, Diff=1.59151e-05
Step 2001, Diff=1.5909e-05
Step 2002, Diff=1.59029e-05
Step 2003, Diff=1.58968e-05
Step 2004, Diff=1.58907e-05
Step 2005, Diff=1.58846e-05
Step 2006, Diff=1.58785e-05
Step 2007, Diff=1.58724e-05
Step 2008, Diff=1.58663e-05
Step 2009, Diff=1.58603e-05
Step 2010, Diff=1.58542e-05
Step 2011, Diff=1.58481e-05
Step 2012, Diff=1.58421e-05
Step 2013, Diff=1.5836e-05
Step 2014, Diff=1.583e-05
Step 2015, Diff=1.5824e-05
Step 2016, Diff=1.58179e-05
Step 2017, Diff=1.58119e-05
Step 2018, Diff=1.58059e-05
Step 2019, Diff=1.57998e-05
Step 2020, Diff=1.57938e-05
Step 2021, Diff=1.57878e-05
Step 2022, Diff=1.57818e-05
Step 2023, Diff=1.57758e-05
Step 2024, Diff=1.57698e-05
Step 2025, Diff=1.57638e-05
Step 2026, Diff=1.57579e-05
Step 2027, Diff=1.57519e-05
Step 2028, Diff=1.57459e-05
Step 2029, Diff=1.57399e-05
Step 2030, Diff=1.5734e-05
Step 2031, Diff=1.5728e-05
Step 2032, Diff=1.57221e-05
Step 2033, Diff=1.57161e-05
Step 2034, Diff=1.57102e-05
Step 2035, Diff=1.57042e-05
Step 2036, Diff=1.56983e-05
Step 2037, Diff=1.56924e-05
Step 2038, Diff=1.56865e-05
Step 2039, Diff=1.56805e-05
Step 2040, Diff=1.56746e-05
Step 2041, Diff=1.56687e-05
Step 2042, Diff=1.56628e-05
Step 2043, Diff=1.56569e-05
Step 2044, Diff=1.5651e-05
Step 2045, Diff=1.56452e-05
Step 2046, Diff=1.56393e-05
Step 2047, Diff=1.56334e-05
Step 2048, Diff=1.56275e-05
Step 2049, Diff=1.56217e-05
Step 2050, Diff=1.56158e-05
Step 2051, Diff=1.56099e-05
Step 2052, Diff=1.56041e-05
Step 2053, Diff=1.55982e-05
Step 2054, Diff=1.55924e-05
Step 2055, Diff=1.55866e-05
Step 2056, Diff=1.55807e-05
Step 2057, Diff=1.55749e-05
Step 2058, Diff=1.55691e-05
Step 2059, Diff=1.55633e-05
Step 2060, Diff=1.55575e-05
Step 2061, Diff=1.55517e-05
Step 2062, Diff=1.55459e-05
Step 2063, Diff=1.55401e-05
Step 2064, Diff=1.55343e-05
Step 2065, Diff=1.55285e-05
Step 2066, Diff=1.55227e-05
Step 2067, Diff=1.55169e-05
Step 2068, Diff=1.55112e-05
Step 2069, Diff=1.55054e-05
Step 2070, Diff=1.54996e-05
Step 2071, Diff=1.54939e-05
Step 2072, Diff=1.54881e-05
Step 2073, Diff=1.54824e-05
Step 2074, Diff=1.54766e-05
Step 2075, Diff=1.54709e-05
Step 2076, Diff=1.54652e-05
Step 2077, Diff=1.54594e-05
Step 2078, Diff=1.54537e-05
Step 2079, Diff=1.5448e-05
Step 2080, Diff=1.54423e-05
Step 2081, Diff=1.54366e-05
Step 2082, Diff=1.54309e-05
Step 2083, Diff=1.54252e-05
Step 2084, Diff=1.54195e-05
Step 2085, Diff=1.54138e-05
Step 2086, Diff=1.54081e-05
Step 2087, Diff=1.54024e-05
Step 2088, Diff=1.53968e-05
Step 2089, Diff=1.53911e-05
Step 2090, Diff=1.53854e-05
Step 2091, Diff=1.53798e-05
Step 2092, Diff=1.53741e-05
Step 2093, Diff=1.53685e-05
Step 2094, Diff=1.53628e-05
Step 2095, Diff=1.53572e-05
Step 2096, Diff=1.53515e-05
Step 2097, Diff=1.53459e-05
Step 2098, Diff=1.53403e-05
Step 2099, Diff=1.53346e-05
Step 2100, Diff=1.5329e-05
Step 2101, Diff=1.53234e-05
Step 2102, Diff=1.53178e-05
Step 2103, Diff=1.53122e-05
Step 2104, Diff=1.53066e-05
Step 2105, Diff=1.5301e-05
Step 2106, Diff=1.52954e-05
Step 2107, Diff=1.52898e-05
Step 2108, Diff=1.52843e-05
Step 2109, Diff=1.52787e-05
Step 2110, Diff=1.52731e-05
Step 2111, Diff=1.52675e-05
Step 2112, Diff=1.5262e-05
Step 2113, Diff=1.52564e-05
Step 2114, Diff=1.52509e-05
Step 2115, Diff=1.52453e-05
Step 2116, Diff=1.52398e-05
Step 2117, Diff=1.52342e-05
Step 2118, Diff=1.52287e-05
Step 2119, Diff=1.52232e-05
Step 2120, Diff=1.52177e-05
Step 2121, Diff=1.52121e-05
Step 2122, Diff=1.52066e-05
Step 2123, Diff=1.52011e-05
Step 2124, Diff=1.51956e-05
Step 2125, Diff=1.51901e-05
Step 2126, Diff=1.51846e-05
Step 2127, Diff=1.51791e-05
Step 2128, Diff=1.51736e-05
Step 2129, Diff=1.51681e-05
Step 2130, Diff=1.51627e-05
Step 2131, Diff=1.51572e-05
Step 2132, Diff=1.51517e-05
Step 2133, Diff=1.51462e-05
Step 2134, Diff=1.51408e-05
Step 2135, Diff=1.51353e-05
Step 2136, Diff=1.51299e-05
Step 2137, Diff=1.51244e-05
Step 2138, Diff=1.5119e-05
Step 2139, Diff=1.51135e-05
Step 2140, Diff=1.51081e-05
Step 2141, Diff=1.51027e-05
Step 2142, Diff=1.50973e-05
Step 2143, Diff=1.50918e-05
Step 2144, Diff=1.50864e-05
Step 2145, Diff=1.5081e-05
Step 2146, Diff=1.50756e-05
Step 2147, Diff=1.50702e-05
Step 2148, Diff=1.50648e-05
Step 2149, Diff=1.50594e-05
Step 2150, Diff=1.5054e-05
Step 2151, Diff=1.50486e-05
Step 2152, Diff=1.50432e-05
Step 2153, Diff=1.50379e-05
Step 2154, Diff=1.50325e-05
Step 2155, Diff=1.50271e-05
Step 2156, Diff=1.50218e-05
Step 2157, Diff=1.50164e-05
Step 2158, Diff=1.5011e-05
Step 2159, Diff=1.50057e-05
Step 2160, Diff=1.50003e-05
Step 2161, Diff=1.4995e-05
Step 2162, Diff=1.49897e-05
Step 2163, Diff=1.49843e-05
Step 2164, Diff=1.4979e-05
Step 2165, Diff=1.49737e-05
Step 2166, Diff=1.49684e-05
Step 2167, Diff=1.4963e-05
Step 2168, Diff=1.49577e-05
Step 2169, Diff=1.49524e-05
Step 2170, Diff=1.49471e-05
Step 2171, Diff=1.49418e-05
Step 2172, Diff=1.49365e-05
Step 2173, Diff=1.49312e-05
Step 2174, Diff=1.49259e-05
Step 2175, Diff=1.49207e-05
Step 2176, Diff=1.49154e-05
Step 2177, Diff=1.49101e-05
Step 2178, Diff=1.49048e-05
Step 2179, Diff=1.48996e-05
Step 2180, Diff=1.48943e-05
Step 2181, Diff=1.48891e-05
Step 2182, Diff=1.48838e-05
Step 2183, Diff=1.48786e-05
Step 2184, Diff=1.48733e-05
Step 2185, Diff=1.48681e-05
Step 2186, Diff=1.48628e-05
Step 2187, Diff=1.48576e-05
Step 2188, Diff=1.48524e-05
Step 2189, Diff=1.48472e-05
Step 2190, Diff=1.48419e-05
Step 2191, Diff=1.48367e-05
Step 2192, Diff=1.48315e-05
Step 2193, Diff=1.48263e-05
Step 2194, Diff=1.48211e-05
Step 2195, Diff=1.48159e-05
Step 2196, Diff=1.48107e-05
Step 2197, Diff=1.48055e-05
Step 2198, Diff=1.48003e-05
Step 2199, Diff=1.47952e-05
Step 2200, Diff=1.479e-05
Step 2201, Diff=1.47848e-05
Step 2202, Diff=1.47796e-05
Step 2203, Diff=1.47745e-05
Step 2204, Diff=1.47693e-05
Step 2205, Diff=1.47642e-05
Step 2206, Diff=1.4759e-05
Step 2207, Diff=1.47539e-05
Step 2208, Diff=1.47487e-05
Step 2209, Diff=1.47436e-05
Step 2210, Diff=1.47384e-05
Step 2211, Diff=1.47333e-05
Step 2212, Diff=1.47282e-05
Step 2213, Diff=1.47231e-05
Step 2214, Diff=1.47179e-05
Step 2215, Diff=1.47128e-05
Step 2216, Diff=1.47077e-05
Step 2217, Diff=1.47026e-05
Step 2218, Diff=1.46975e-05
Step 2219, Diff=1.46924e-05
Step 2220, Diff=1.46873e-05
Step 2221, Diff=1.46822e-05
Step 2222, Diff=1.46771e-05
Step 2223, Diff=1.4672e-05
Step 2224, Diff=1.4667e-05
Step 2225, Diff=1.46619e-05
Step 2226, Diff=1.46568e-05
Step 2227, Diff=1.46518e-05
Step 2228, Diff=1.46467e-05
Step 2229, Diff=1.46416e-05
Step 2230, Diff=1.46366e-05
Step 2231, Diff=1.46315e-05
Step 2232, Diff=1.46265e-05
Step 2233, Diff=1.46214e-05
Step 2234, Diff=1.46164e-05
Step 2235, Diff=1.46114e-05
Step 2236, Diff=1.46063e-05
Step 2237, Diff=1.46013e-05
Step 2238, Diff=1.45963e-05
Step 2239, Diff=1.45913e-05
Step 2240, Diff=1.45862e-05
Step 2241, Diff=1.45812e-05
Step 2242, Diff=1.45762e-05
Step 2243, Diff=1.45712e-05
Step 2244, Diff=1.45662e-05
Step 2245, Diff=1.45612e-05
Step 2246, Diff=1.45562e-05
Step 2247, Diff=1.45512e-05
Step 2248, Diff=1.45463e-05
Step 2249, Diff=1.45413e-05
Step 2250, Diff=1.45363e-05
Step 2251, Diff=1.45313e-05
Step 2252, Diff=1.45264e-05
Step 2253, Diff=1.45214e-05
Step 2254, Diff=1.45164e-05
Step 2255, Diff=1.45115e-05
Step 2256, Diff=1.45065e-05
Step 2257, Diff=1.45016e-05
Step 2258, Diff=1.44966e-05
Step 2259, Diff=1.44917e-05
Step 2260, Diff=1.44867e-05
Step 2261, Diff=1.44818e-05
Step 2262, Diff=1.44769e-05
Step 2263, Diff=1.4472e-05
Step 2264, Diff=1.4467e-05
Step 2265, Diff=1.44621e-05
Step 2266, Diff=1.44572e-05
Step 2267, Diff=1.44523e-05
Step 2268, Diff=1.44474e-05
Step 2269, Diff=1.44425e-05
Step 2270, Diff=1.44376e-05
Step 2271, Diff=1.44327e-05
Step 2272, Diff=1.44278e-05
Step 2273, Diff=1.44229e-05
Step 2274, Diff=1.4418e-05
Step 2275, Diff=1.44131e-05
Step 2276, Diff=1.44083e-05
Step 2277, Diff=1.44034e-05
Step 2278, Diff=1.43985e-05
Step 2279, Diff=1.43937e-05
Step 2280, Diff=1.43888e-05
Step 2281, Diff=1.43839e-05
Step 2282, Diff=1.43791e-05
Step 2283, Diff=1.43742e-05
Step 2284, Diff=1.43694e-05
Step 2285, Diff=1.43645e-05
Step 2286, Diff=1.43597e-05
Step 2287, Diff=1.43549e-05
Step 2288, Diff=1.435e-05
Step 2289, Diff=1.43452e-05
Step 2290, Diff=1.43404e-05
Step 2291, Diff=1.43356e-05
Step 2292, Diff=1.43307e-05
Step 2293, Diff=1.43259e-05
Step 2294, Diff=1.43211e-05
Step 2295, Diff=1.43163e-05
Step 2296, Diff=1.43115e-05
Step 2297, Diff=1.43067e-05
Step 2298, Diff=1.43019e-05
Step 2299, Diff=1.42971e-05
Step 2300, Diff=1.42923e-05
Step 2301, Diff=1.42875e-05
Step 2302, Diff=1.42828e-05
Step 2303, Diff=1.4278e-05
Step 2304, Diff=1.42732e-05
Step 2305, Diff=1.42684e-05
Step 2306, Diff=1.42637e-05
Step 2307, Diff=1.42589e-05
Step 2308, Diff=1.42542e-05
Step 2309, Diff=1.42494e-05
Step 2310, Diff=1.42446e-05
Step 2311, Diff=1.42399e-05
Step 2312, Diff=1.42352e-05
Step 2313, Diff=1.42304e-05
Step 2314, Diff=1.42257e-05
Step 2315, Diff=1.42209e-05
Step 2316, Diff=1.42162e-05
Step 2317, Diff=1.42115e-05
Step 2318, Diff=1.42068e-05
Step 2319, Diff=1.4202e-05
Step 2320, Diff=1.41973e-05
Step 2321, Diff=1.41926e-05
Step 2322, Diff=1.41879e-05
Step 2323, Diff=1.41832e-05
Step 2324, Diff=1.41785e-05
Step 2325, Diff=1.41738e-05
Step 2326, Diff=1.41691e-05
Step 2327, Diff=1.41644e-05
Step 2328, Diff=1.41597e-05
Step 2329, Diff=1.4155e-05
Step 2330, Diff=1.41504e-05
Step 2331, Diff=1.41457e-05
Step 2332, Diff=1.4141e-05
Step 2333, Diff=1.41363e-05
Step 2334, Diff=1.41317e-05
Step 2335, Diff=1.4127e-05
Step 2336, Diff=1.41224e-05
Step 2337, Diff=1.41177e-05
Step 2338, Diff=1.4113e-05
Step 2339, Diff=1.41084e-05
Step 2340, Diff=1.41038e-05
Step 2341, Diff=1.40991e-05
Step 2342, Diff=1.40945e-05
Step 2343, Diff=1.40898e-05
Step 2344, Diff=1.40852e-05
Step 2345, Diff=1.40806e-05
Step 2346, Diff=1.4076e-05
Step 2347, Diff=1.40713e-05
Step 2348, Diff=1.40667e-05
Step 2349, Diff=1.40621e-05
Step 2350, Diff=1.40575e-05
Step 2351, Diff=1.40529e-05
Step 2352, Diff=1.40483e-05
Step 2353, Diff=1.40437e-05
Step 2354, Diff=1.40391e-05
Step 2355, Diff=1.40345e-05
Step 2356, Diff=1.40299e-05
Step 2357, Diff=1.40253e-05
Step 2358, Diff=1.40207e-05
Step 2359, Diff=1.40161e-05
Step 2360, Diff=1.40116e-05
Step 2361, Diff=1.4007e-05
Step 2362, Diff=1.40024e-05
Step 2363, Diff=1.39979e-05
Step 2364, Diff=1.39933e-05
Step 2365, Diff=1.39887e-05
Step 2366, Diff=1.39842e-05
Step 2367, Diff=1.39796e-05
Step 2368, Diff=1.39751e-05
Step 2369, Diff=1.39705e-05
Step 2370, Diff=1.3966e-05
Step 2371, Diff=1.39615e-05
Step 2372, Diff=1.39569e-05
Step 2373, Diff=1.39524e-05
Step 2374, Diff=1.39479e-05
Step 2375, Diff=1.39433e-05
Step 2376, Diff=1.39388e-05
Step 2377, Diff=1.39343e-05
Step 2378, Diff=1.39298e-05
Step 2379, Diff=1.39253e-05
Step 2380, Diff=1.39208e-05
Step 2381, Diff=1.39162e-05
Step 2382, Diff=1.39117e-05
Step 2383, Diff=1.39072e-05
Step 2384, Diff=1.39028e-05
Step 2385, Diff=1.38983e-05
Step 2386, Diff=1.38938e-05
Step 2387, Diff=1.38893e-05
Step 2388, Diff=1.38848e-05
Step 2389, Diff=1.38803e-05
Step 2390, Diff=1.38758e-05
Step 2391, Diff=1.38714e-05
Step 2392, Diff=1.38669e-05
Step 2393, Diff=1.38624e-05
Step 2394, Diff=1.3858e-05
Step 2395, Diff=1.38535e-05
Step 2396, Diff=1.38491e-05
Step 2397, Diff=1.38446e-05
Step 2398, Diff=1.38402e-05
Step 2399, Diff=1.38357e-05
Step 2400, Diff=1.38313e-05
Step 2401, Diff=1.38268e-05
Step 2402, Diff=1.38224e-05
Step 2403, Diff=1.3818e-05
Step 2404, Diff=1.38135e-05
Step 2405, Diff=1.38091e-05
Step 2406, Diff=1.38047e-05
Step 2407, Diff=1.38003e-05
Step 2408, Diff=1.37958e-05
Step 2409, Diff=1.37914e-05
Step 2410, Diff=1.3787e-05
Step 2411, Diff=1.37826e-05
Step 2412, Diff=1.37782e-05
Step 2413, Diff=1.37738e-05
Step 2414, Diff=1.37694e-05
Step 2415, Diff=1.3765e-05
Step 2416, Diff=1.37606e-05
Step 2417, Diff=1.37562e-05
Step 2418, Diff=1.37518e-05
Step 2419, Diff=1.37475e-05
Step 2420, Diff=1.37431e-05
Step 2421, Diff=1.37387e-05
Step 2422, Diff=1.37343e-05
Step 2423, Diff=1.373e-05
Step 2424, Diff=1.37256e-05
Step 2425, Diff=1.37212e-05
Step 2426, Diff=1.37169e-05
Step 2427, Diff=1.37125e-05
Step 2428, Diff=1.37082e-05
Step 2429, Diff=1.37038e-05
Step 2430, Diff=1.36995e-05
Step 2431, Diff=1.36951e-05
Step 2432, Diff=1.36908e-05
Step 2433, Diff=1.36864e-05
Step 2434, Diff=1.36821e-05
Step 2435, Diff=1.36778e-05
Step 2436, Diff=1.36734e-05
Step 2437, Diff=1.36691e-05
Step 2438, Diff=1.36648e-05
Step 2439, Diff=1.36605e-05
Step 2440, Diff=1.36562e-05
Step 2441, Diff=1.36519e-05
Step 2442, Diff=1.36475e-05
Step 2443, Diff=1.36432e-05
Step 2444, Diff=1.36389e-05
Step 2445, Diff=1.36346e-05
Step 2446, Diff=1.36303e-05
Step 2447, Diff=1.3626e-05
Step 2448, Diff=1.36217e-05
Step 2449, Diff=1.36175e-05
Step 2450, Diff=1.36132e-05
Step 2451, Diff=1.36089e-05
Step 2452, Diff=1.36046e-05
Step 2453, Diff=1.36003e-05
Step 2454, Diff=1.35961e-05
Step 2455, Diff=1.35918e-05
Step 2456, Diff=1.35875e-05
Step 2457, Diff=1.35833e-05
Step 2458, Diff=1.3579e-05
Step 2459, Diff=1.35747e-05
Step 2460, Diff=1.35705e-05
Step 2461, Diff=1.35662e-05
Step 2462, Diff=1.3562e-05
Step 2463, Diff=1.35577e-05
Step 2464, Diff=1.35535e-05
Step 2465, Diff=1.35493e-05
Step 2466, Diff=1.3545e-05
Step 2467, Diff=1.35408e-05
Step 2468, Diff=1.35366e-05
Step 2469, Diff=1.35323e-05
Step 2470, Diff=1.35281e-05
Step 2471, Diff=1.35239e-05
Step 2472, Diff=1.35197e-05
Step 2473, Diff=1.35155e-05
Step 2474, Diff=1.35112e-05
Step 2475, Diff=1.3507e-05
Step 2476, Diff=1.35028e-05
Step 2477, Diff=1.34986e-05
Step 2478, Diff=1.34944e-05
Step 2479, Diff=1.34902e-05
Step 2480, Diff=1.3486e-05
Step 2481, Diff=1.34818e-05
Step 2482, Diff=1.34777e-05
Step 2483, Diff=1.34735e-05
Step 2484, Diff=1.34693e-05
Step 2485, Diff=1.34651e-05
Step 2486, Diff=1.34609e-05
Step 2487, Diff=1.34568e-05
Step 2488, Diff=1.34526e-05
Step 2489, Diff=1.34484e-05
Step 2490, Diff=1.34442e-05
Step 2491, Diff=1.34401e-05
Step 2492, Diff=1.34359e-05
Step 2493, Diff=1.34318e-05
Step 2494, Diff=1.34276e-05
Step 2495, Diff=1.34235e-05
Step 2496, Diff=1.34193e-05
Step 2497, Diff=1.34152e-05
Step 2498, Diff=1.3411e-05
Step 2499, Diff=1.34069e-05
Step 2500, Diff=1.34028e-05
Step 2501, Diff=1.33986e-05
Step 2502, Diff=1.33945e-05
Step 2503, Diff=1.33904e-05
Step 2504, Diff=1.33862e-05
Step 2505, Diff=1.33821e-05
Step 2506, Diff=1.3378e-05
Step 2507, Diff=1.33739e-05
Step 2508, Diff=1.33698e-05
Step 2509, Diff=1.33657e-05
Step 2510, Diff=1.33616e-05
Step 2511, Diff=1.33575e-05
Step 2512, Diff=1.33534e-05
Step 2513, Diff=1.33493e-05
Step 2514, Diff=1.33452e-05
Step 2515, Diff=1.33411e-05
Step 2516, Diff=1.3337e-05
Step 2517, Diff=1.33329e-05
Step 2518, Diff=1.33288e-05
Step 2519, Diff=1.33247e-05
Step 2520, Diff=1.33207e-05
Step 2521, Diff=1.33166e-05
Step 2522, Diff=1.33125e-05
Step 2523, Diff=1.33084e-05
Step 2524, Diff=1.33044e-05
Step 2525, Diff=1.33003e-05
Step 2526, Diff=1.32962e-05
Step 2527, Diff=1.32922e-05
Step 2528, Diff=1.32881e-05
Step 2529, Diff=1.32841e-05
Step 2530, Diff=1.328e-05
Step 2531, Diff=1.3276e-05
Step 2532, Diff=1.32719e-05
Step 2533, Diff=1.32679e-05
Step 2534, Diff=1.32639e-05
Step 2535, Diff=1.32598e-05
Step 2536, Diff=1.32558e-05
Step 2537, Diff=1.32518e-05
Step 2538, Diff=1.32477e-05
Step 2539, Diff=1.32437e-05
Step 2540, Diff=1.32397e-05
Step 2541, Diff=1.32357e-05
Step 2542, Diff=1.32316e-05
Step 2543, Diff=1.32276e-05
Step 2544, Diff=1.32236e-05
Step 2545, Diff=1.32196e-05
Step 2546, Diff=1.32156e-05
Step 2547, Diff=1.32116e-05
Step 2548, Diff=1.32076e-05
Step 2549, Diff=1.32036e-05
Step 2550, Diff=1.31996e-05
Step 2551, Diff=1.31956e-05
Step 2552, Diff=1.31916e-05
Step 2553, Diff=1.31876e-05
Step 2554, Diff=1.31837e-05
Step 2555, Diff=1.31797e-05
Step 2556, Diff=1.31757e-05
Step 2557, Diff=1.31717e-05
Step 2558, Diff=1.31678e-05
Step 2559, Diff=1.31638e-05
Step 2560, Diff=1.31598e-05
Step 2561, Diff=1.31559e-05
Step 2562, Diff=1.31519e-05
Step 2563, Diff=1.31479e-05
Step 2564, Diff=1.3144e-05
Step 2565, Diff=1.314e-05
Step 2566, Diff=1.31361e-05
Step 2567, Diff=1.31321e-05
Step 2568, Diff=1.31282e-05
Step 2569, Diff=1.31242e-05
Step 2570, Diff=1.31203e-05
Step 2571, Diff=1.31164e-05
Step 2572, Diff=1.31124e-05
Step 2573, Diff=1.31085e-05
Step 2574, Diff=1.31046e-05
Step 2575, Diff=1.31006e-05
Step 2576, Diff=1.30967e-05
Step 2577, Diff=1.30928e-05
Step 2578, Diff=1.30889e-05
Step 2579, Diff=1.3085e-05
Step 2580, Diff=1.3081e-05
Step 2581, Diff=1.30771e-05
Step 2582, Diff=1.30732e-05
Step 2583, Diff=1.30693e-05
Step 2584, Diff=1.30654e-05
Step 2585, Diff=1.30615e-05
Step 2586, Diff=1.30576e-05
Step 2587, Diff=1.30537e-05
Step 2588, Diff=1.30498e-05
Step 2589, Diff=1.30459e-05
Step 2590, Diff=1.30421e-05
Step 2591, Diff=1.30382e-05
Step 2592, Diff=1.30343e-05
Step 2593, Diff=1.30304e-05
Step 2594, Diff=1.30265e-05
Step 2595, Diff=1.30227e-05
Step 2596, Diff=1.30188e-05
Step 2597, Diff=1.30149e-05
Step 2598, Diff=1.30111e-05
Step 2599, Diff=1.30072e-05
Step 2600, Diff=1.30033e-05
Step 2601, Diff=1.29995e-05
Step 2602, Diff=1.29956e-05
Step 2603, Diff=1.29918e-05
Step 2604, Diff=1.29879e-05
Step 2605, Diff=1.29841e-05
Step 2606, Diff=1.29802e-05
Step 2607, Diff=1.29764e-05
Step 2608, Diff=1.29725e-05
Step 2609, Diff=1.29687e-05
Step 2610, Diff=1.29649e-05
Step 2611, Diff=1.2961e-05
Step 2612, Diff=1.29572e-05
Step 2613, Diff=1.29534e-05
Step 2614, Diff=1.29496e-05
Step 2615, Diff=1.29457e-05
Step 2616, Diff=1.29419e-05
Step 2617, Diff=1.29381e-05
Step 2618, Diff=1.29343e-05
Step 2619, Diff=1.29305e-05
Step 2620, Diff=1.29267e-05
Step 2621, Diff=1.29229e-05
Step 2622, Diff=1.29191e-05
Step 2623, Diff=1.29153e-05
Step 2624, Diff=1.29115e-05
Step 2625, Diff=1.29077e-05
Step 2626, Diff=1.29039e-05
Step 2627, Diff=1.29001e-05
Step 2628, Diff=1.28963e-05
Step 2629, Diff=1.28925e-05
Step 2630, Diff=1.28887e-05
Step 2631, Diff=1.28849e-05
Step 2632, Diff=1.28812e-05
Step 2633, Diff=1.28774e-05
Step 2634, Diff=1.28736e-05
Step 2635, Diff=1.28698e-05
Step 2636, Diff=1.28661e-05
Step 2637, Diff=1.28623e-05
Step 2638, Diff=1.28585e-05
Step 2639, Diff=1.28548e-05
Step 2640, Diff=1.2851e-05
Step 2641, Diff=1.28473e-05
Step 2642, Diff=1.28435e-05
Step 2643, Diff=1.28398e-05
Step 2644, Diff=1.2836e-05
Step 2645, Diff=1.28323e-05
Step 2646, Diff=1.28285e-05
Step 2647, Diff=1.28248e-05
Step 2648, Diff=1.28211e-05
Step 2649, Diff=1.28173e-05
Step 2650, Diff=1.28136e-05
Step 2651, Diff=1.28099e-05
Step 2652, Diff=1.28061e-05
Step 2653, Diff=1.28024e-05
Step 2654, Diff=1.27987e-05
Step 2655, Diff=1.2795e-05
Step 2656, Diff=1.27912e-05
Step 2657, Diff=1.27875e-05
Step 2658, Diff=1.27838e-05
Step 2659, Diff=1.27801e-05
Step 2660, Diff=1.27764e-05
Step 2661, Diff=1.27727e-05
Step 2662, Diff=1.2769e-05
Step 2663, Diff=1.27653e-05
Step 2664, Diff=1.27616e-05
Step 2665, Diff=1.27579e-05
Step 2666, Diff=1.27542e-05
Step 2667, Diff=1.27505e-05
Step 2668, Diff=1.27468e-05
Step 2669, Diff=1.27431e-05
Step 2670, Diff=1.27394e-05
Step 2671, Diff=1.27358e-05
Step 2672, Diff=1.27321e-05
Step 2673, Diff=1.27284e-05
Step 2674, Diff=1.27247e-05
Step 2675, Diff=1.2721e-05
Step 2676, Diff=1.27174e-05
Step 2677, Diff=1.27137e-05
Step 2678, Diff=1.271e-05
Step 2679, Diff=1.27064e-05
Step 2680, Diff=1.27027e-05
Step 2681, Diff=1.26991e-05
Step 2682, Diff=1.26954e-05
Step 2683, Diff=1.26918e-05
Step 2684, Diff=1.26881e-05
Step 2685, Diff=1.26845e-05
Step 2686, Diff=1.26808e-05
Step 2687, Diff=1.26772e-05
Step 2688, Diff=1.26735e-05
Step 2689, Diff=1.26699e-05
Step 2690, Diff=1.26663e-05
Step 2691, Diff=1.26626e-05
Step 2692, Diff=1.2659e-05
Step 2693, Diff=1.26554e-05
Step 2694, Diff=1.26517e-05
Step 2695, Diff=1.26481e-05
Step 2696, Diff=1.26445e-05
Step 2697, Diff=1.26409e-05
Step 2698, Diff=1.26372e-05
Step 2699, Diff=1.26336e-05
Step 2700, Diff=1.263e-05
Step 2701, Diff=1.26264e-05
Step 2702, Diff=1.26228e-05
Step 2703, Diff=1.26192e-05
Step 2704, Diff=1.26156e-05
Step 2705, Diff=1.2612e-05
Step 2706, Diff=1.26084e-05
Step 2707, Diff=1.26048e-05
Step 2708, Diff=1.26012e-05
Step 2709, Diff=1.25976e-05
Step 2710, Diff=1.2594e-05
Step 2711, Diff=1.25904e-05
Step 2712, Diff=1.25868e-05
Step 2713, Diff=1.25833e-05
Step 2714, Diff=1.25797e-05
Step 2715, Diff=1.25761e-05
Step 2716, Diff=1.25725e-05
Step 2717, Diff=1.2569e-05
Step 2718, Diff=1.25654e-05
Step 2719, Diff=1.25618e-05
Step 2720, Diff=1.25583e-05
Step 2721, Diff=1.25547e-05
Step 2722, Diff=1.25511e-05
Step 2723, Diff=1.25476e-05
Step 2724, Diff=1.2544e-05
Step 2725, Diff=1.25405e-05
Step 2726, Diff=1.25369e-05
Step 2727, Diff=1.25334e-05
Step 2728, Diff=1.25298e-05
Step 2729, Diff=1.25263e-05
Step 2730, Diff=1.25227e-05
Step 2731, Diff=1.25192e-05
Step 2732, Diff=1.25156e-05
Step 2733, Diff=1.25121e-05
Step 2734, Diff=1.25086e-05
Step 2735, Diff=1.2505e-05
Step 2736, Diff=1.25015e-05
Step 2737, Diff=1.2498e-05
Step 2738, Diff=1.24945e-05
Step 2739, Diff=1.24909e-05
Step 2740, Diff=1.24874e-05
Step 2741, Diff=1.24839e-05
Step 2742, Diff=1.24804e-05
Step 2743, Diff=1.24769e-05
Step 2744, Diff=1.24734e-05
Step 2745, Diff=1.24698e-05
Step 2746, Diff=1.24663e-05
Step 2747, Diff=1.24628e-05
Step 2748, Diff=1.24593e-05
Step 2749, Diff=1.24558e-05
Step 2750, Diff=1.24523e-05
Step 2751, Diff=1.24488e-05
Step 2752, Diff=1.24453e-05
Step 2753, Diff=1.24418e-05
Step 2754, Diff=1.24384e-05
Step 2755, Diff=1.24349e-05
Step 2756, Diff=1.24314e-05
Step 2757, Diff=1.24279e-05
Step 2758, Diff=1.24244e-05
Step 2759, Diff=1.24209e-05
Step 2760, Diff=1.24175e-05
Step 2761, Diff=1.2414e-05
Step 2762, Diff=1.24105e-05
Step 2763, Diff=1.24071e-05
Step 2764, Diff=1.24036e-05
Step 2765, Diff=1.24001e-05
Step 2766, Diff=1.23967e-05
Step 2767, Diff=1.23932e-05
Step 2768, Diff=1.23897e-05
Step 2769, Diff=1.23863e-05
Step 2770, Diff=1.23828e-05
Step 2771, Diff=1.23794e-05
Step 2772, Diff=1.23759e-05
Step 2773, Diff=1.23725e-05
Step 2774, Diff=1.2369e-05
Step 2775, Diff=1.23656e-05
Step 2776, Diff=1.23622e-05
Step 2777, Diff=1.23587e-05
Step 2778, Diff=1.23553e-05
Step 2779, Diff=1.23518e-05
Step 2780, Diff=1.23484e-05
Step 2781, Diff=1.2345e-05
Step 2782, Diff=1.23416e-05
Step 2783, Diff=1.23381e-05
Step 2784, Diff=1.23347e-05
Step 2785, Diff=1.23313e-05
Step 2786, Diff=1.23279e-05
Step 2787, Diff=1.23245e-05
Step 2788, Diff=1.2321e-05
Step 2789, Diff=1.23176e-05
Step 2790, Diff=1.23142e-05
Step 2791, Diff=1.23108e-05
Step 2792, Diff=1.23074e-05
Step 2793, Diff=1.2304e-05
Step 2794, Diff=1.23006e-05
Step 2795, Diff=1.22972e-05
Step 2796, Diff=1.22938e-05
Step 2797, Diff=1.22904e-05
Step 2798, Diff=1.2287e-05
Step 2799, Diff=1.22836e-05
Step 2800, Diff=1.22802e-05
Step 2801, Diff=1.22768e-05
Step 2802, Diff=1.22735e-05
Step 2803, Diff=1.22701e-05
Step 2804, Diff=1.22667e-05
Step 2805, Diff=1.22633e-05
Step 2806, Diff=1.22599e-05
Step 2807, Diff=1.22566e-05
Step 2808, Diff=1.22532e-05
Step 2809, Diff=1.22498e-05
Step 2810, Diff=1.22465e-05
Step 2811, Diff=1.22431e-05
Step 2812, Diff=1.22397e-05
Step 2813, Diff=1.22364e-05
Step 2814, Diff=1.2233e-05
Step 2815, Diff=1.22296e-05
Step 2816, Diff=1.22263e-05
Step 2817, Diff=1.22229e-05
Step 2818, Diff=1.22196e-05
Step 2819, Diff=1.22162e-05
Step 2820, Diff=1.22129e-05
Step 2821, Diff=1.22095e-05
Step 2822, Diff=1.22062e-05
Step 2823, Diff=1.22029e-05
Step 2824, Diff=1.21995e-05
Step 2825, Diff=1.21962e-05
Step 2826, Diff=1.21928e-05
Step 2827, Diff=1.21895e-05
Step 2828, Diff=1.21862e-05
Step 2829, Diff=1.21829e-05
Step 2830, Diff=1.21795e-05
Step 2831, Diff=1.21762e-05
Step 2832, Diff=1.21729e-05
Step 2833, Diff=1.21696e-05
Step 2834, Diff=1.21662e-05
Step 2835, Diff=1.21629e-05
Step 2836, Diff=1.21596e-05
Step 2837, Diff=1.21563e-05
Step 2838, Diff=1.2153e-05
Step 2839, Diff=1.21497e-05
Step 2840, Diff=1.21464e-05
Step 2841, Diff=1.21431e-05
Step 2842, Diff=1.21398e-05
Step 2843, Diff=1.21365e-05
Step 2844, Diff=1.21332e-05
Step 2845, Diff=1.21299e-05
Step 2846, Diff=1.21266e-05
Step 2847, Diff=1.21233e-05
Step 2848, Diff=1.212e-05
Step 2849, Diff=1.21167e-05
Step 2850, Diff=1.21134e-05
Step 2851, Diff=1.21102e-05
Step 2852, Diff=1.21069e-05
Step 2853, Diff=1.21036e-05
Step 2854, Diff=1.21003e-05
Step 2855, Diff=1.2097e-05
Step 2856, Diff=1.20938e-05
Step 2857, Diff=1.20905e-05
Step 2858, Diff=1.20872e-05
Step 2859, Diff=1.2084e-05
Step 2860, Diff=1.20807e-05
Step 2861, Diff=1.20774e-05
Step 2862, Diff=1.20742e-05
Step 2863, Diff=1.20709e-05
Step 2864, Diff=1.20677e-05
Step 2865, Diff=1.20644e-05
Step 2866, Diff=1.20611e-05
Step 2867, Diff=1.20579e-05
Step 2868, Diff=1.20546e-05
Step 2869, Diff=1.20514e-05
Step 2870, Diff=1.20482e-05
Step 2871, Diff=1.20449e-05
Step 2872, Diff=1.20417e-05
Step 2873, Diff=1.20384e-05
Step 2874, Diff=1.20352e-05
Step 2875, Diff=1.2032e-05
Step 2876, Diff=1.20287e-05
Step 2877, Diff=1.20255e-05
Step 2878, Diff=1.20223e-05
Step 2879, Diff=1.2019e-05
Step 2880, Diff=1.20158e-05
Step 2881, Diff=1.20126e-05
Step 2882, Diff=1.20094e-05
Step 2883, Diff=1.20061e-05
Step 2884, Diff=1.20029e-05
Step 2885, Diff=1.19997e-05
Step 2886, Diff=1.19965e-05
Step 2887, Diff=1.19933e-05
Step 2888, Diff=1.19901e-05
Step 2889, Diff=1.19869e-05
Step 2890, Diff=1.19837e-05
Step 2891, Diff=1.19805e-05
Step 2892, Diff=1.19773e-05
Step 2893, Diff=1.19741e-05
Step 2894, Diff=1.19709e-05
Step 2895, Diff=1.19677e-05
Step 2896, Diff=1.19645e-05
Step 2897, Diff=1.19613e-05
Step 2898, Diff=1.19581e-05
Step 2899, Diff=1.19549e-05
Step 2900, Diff=1.19517e-05
Step 2901, Diff=1.19485e-05
Step 2902, Diff=1.19453e-05
Step 2903, Diff=1.19422e-05
Step 2904, Diff=1.1939e-05
Step 2905, Diff=1.19358e-05
Step 2906, Diff=1.19326e-05
Step 2907, Diff=1.19295e-05
Step 2908, Diff=1.19263e-05
Step 2909, Diff=1.19231e-05
Step 2910, Diff=1.192e-05
Step 2911, Diff=1.19168e-05
Step 2912, Diff=1.19136e-05
Step 2913, Diff=1.19105e-05
Step 2914, Diff=1.19073e-05
Step 2915, Diff=1.19041e-05
Step 2916, Diff=1.1901e-05
Step 2917, Diff=1.18978e-05
Step 2918, Diff=1.18947e-05
Step 2919, Diff=1.18915e-05
Step 2920, Diff=1.18884e-05
Step 2921, Diff=1.18852e-05
Step 2922, Diff=1.18821e-05
Step 2923, Diff=1.1879e-05
Step 2924, Diff=1.18758e-05
Step 2925, Diff=1.18727e-05
Step 2926, Diff=1.18695e-05
Step 2927, Diff=1.18664e-05
Step 2928, Diff=1.18633e-05
Step 2929, Diff=1.18601e-05
Step 2930, Diff=1.1857e-05
Step 2931, Diff=1.18539e-05
Step 2932, Diff=1.18508e-05
Step 2933, Diff=1.18476e-05
Step 2934, Diff=1.18445e-05
Step 2935, Diff=1.18414e-05
Step 2936, Diff=1.18383e-05
Step 2937, Diff=1.18352e-05
Step 2938, Diff=1.1832e-05
Step 2939, Diff=1.18289e-05
Step 2940, Diff=1.18258e-05
Step 2941, Diff=1.18227e-05
Step 2942, Diff=1.18196e-05
Step 2943, Diff=1.18165e-05
Step 2944, Diff=1.18134e-05
Step 2945, Diff=1.18103e-05
Step 2946, Diff=1.18072e-05
Step 2947, Diff=1.18041e-05
Step 2948, Diff=1.1801e-05
Step 2949, Diff=1.17979e-05
Step 2950, Diff=1.17948e-05
Step 2951, Diff=1.17917e-05
Step 2952, Diff=1.17886e-05
Step 2953, Diff=1.17855e-05
Step 2954, Diff=1.17825e-05
Step 2955, Diff=1.17794e-05
Step 2956, Diff=1.17763e-05
Step 2957, Diff=1.17732e-05
Step 2958, Diff=1.17701e-05
Step 2959, Diff=1.17671e-05
Step 2960, Diff=1.1764e-05
Step 2961, Diff=1.17609e-05
Step 2962, Diff=1.17578e-05
Step 2963, Diff=1.17548e-05
Step 2964, Diff=1.17517e-05
Step 2965, Diff=1.17487e-05
Step 2966, Diff=1.17456e-05
Step 2967, Diff=1.17425e-05
Step 2968, Diff=1.17395e-05
Step 2969, Diff=1.17364e-05
Step 2970, Diff=1.17334e-05
Step 2971, Diff=1.17303e-05
Step 2972, Diff=1.17272e-05
Step 2973, Diff=1.17242e-05
Step 2974, Diff=1.17211e-05
Step 2975, Diff=1.17181e-05
Step 2976, Diff=1.17151e-05
Step 2977, Diff=1.1712e-05
Step 2978, Diff=1.1709e-05
Step 2979, Diff=1.17059e-05
Step 2980, Diff=1.17029e-05
Step 2981, Diff=1.16999e-05
Step 2982, Diff=1.16968e-05
Step 2983, Diff=1.16938e-05
Step 2984, Diff=1.16908e-05
Step 2985, Diff=1.16877e-05
Step 2986, Diff=1.16847e-05
Step 2987, Diff=1.16817e-05
Step 2988, Diff=1.16787e-05
Step 2989, Diff=1.16756e-05
Step 2990, Diff=1.16726e-05
Step 2991, Diff=1.16696e-05
Step 2992, Diff=1.16666e-05
Step 2993, Diff=1.16636e-05
Step 2994, Diff=1.16606e-05
Step 2995, Diff=1.16575e-05
Step 2996, Diff=1.16545e-05
Step 2997, Diff=1.16515e-05
Step 2998, Diff=1.16485e-05
Step 2999, Diff=1.16455e-05
Step 3000, Diff=1.16425e-05
Step 3001, Diff=1.16395e-05
Step 3002, Diff=1.16365e-05
Step 3003, Diff=1.16335e-05
Step 3004, Diff=1.16305e-05
Step 3005, Diff=1.16275e-05
Step 3006, Diff=1.16245e-05
Step 3007, Diff=1.16216e-05
Step 3008, Diff=1.16186e-05
Step 3009, Diff=1.16156e-05
Step 3010, Diff=1.16126e-05
Step 3011, Diff=1.16096e-05
Step 3012, Diff=1.16066e-05
Step 3013, Diff=1.16036e-05
Step 3014, Diff=1.16007e-05
Step 3015, Diff=1.15977e-05
Step 3016, Diff=1.15947e-05
Step 3017, Diff=1.15917e-05
Step 3018, Diff=1.15888e-05
Step 3019, Diff=1.15858e-05
Step 3020, Diff=1.15828e-05
Step 3021, Diff=1.15799e-05
Step 3022, Diff=1.15769e-05
Step 3023, Diff=1.15739e-05
Step 3024, Diff=1.1571e-05
Step 3025, Diff=1.1568e-05
Step 3026, Diff=1.15651e-05
Step 3027, Diff=1.15621e-05
Step 3028, Diff=1.15592e-05
Step 3029, Diff=1.15562e-05
Step 3030, Diff=1.15533e-05
Step 3031, Diff=1.15503e-05
Step 3032, Diff=1.15474e-05
Step 3033, Diff=1.15444e-05
Step 3034, Diff=1.15415e-05
Step 3035, Diff=1.15385e-05
Step 3036, Diff=1.15356e-05
Step 3037, Diff=1.15327e-05
Step 3038, Diff=1.15297e-05
Step 3039, Diff=1.15268e-05
Step 3040, Diff=1.15239e-05
Step 3041, Diff=1.15209e-05
Step 3042, Diff=1.1518e-05
Step 3043, Diff=1.15151e-05
Step 3044, Diff=1.15121e-05
Step 3045, Diff=1.15092e-05
Step 3046, Diff=1.15063e-05
Step 3047, Diff=1.15034e-05
Step 3048, Diff=1.15004e-05
Step 3049, Diff=1.14975e-05
Step 3050, Diff=1.14946e-05
Step 3051, Diff=1.14917e-05
Step 3052, Diff=1.14888e-05
Step 3053, Diff=1.14859e-05
Step 3054, Diff=1.1483e-05
Step 3055, Diff=1.14801e-05
Step 3056, Diff=1.14772e-05
Step 3057, Diff=1.14742e-05
Step 3058, Diff=1.14713e-05
Step 3059, Diff=1.14684e-05
Step 3060, Diff=1.14655e-05
Step 3061, Diff=1.14626e-05
Step 3062, Diff=1.14598e-05
Step 3063, Diff=1.14569e-05
Step 3064, Diff=1.1454e-05
Step 3065, Diff=1.14511e-05
Step 3066, Diff=1.14482e-05
Step 3067, Diff=1.14453e-05
Step 3068, Diff=1.14424e-05
Step 3069, Diff=1.14395e-05
Step 3070, Diff=1.14366e-05
Step 3071, Diff=1.14338e-05
Step 3072, Diff=1.14309e-05
Step 3073, Diff=1.1428e-05
Step 3074, Diff=1.14251e-05
Step 3075, Diff=1.14223e-05
Step 3076, Diff=1.14194e-05
Step 3077, Diff=1.14165e-05
Step 3078, Diff=1.14136e-05
Step 3079, Diff=1.14108e-05
Step 3080, Diff=1.14079e-05
Step 3081, Diff=1.1405e-05
Step 3082, Diff=1.14022e-05
Step 3083, Diff=1.13993e-05
Step 3084, Diff=1.13965e-05
Step 3085, Diff=1.13936e-05
Step 3086, Diff=1.13907e-05
Step 3087, Diff=1.13879e-05
Step 3088, Diff=1.1385e-05
Step 3089, Diff=1.13822e-05
Step 3090, Diff=1.13793e-05
Step 3091, Diff=1.13765e-05
Step 3092, Diff=1.13736e-05
Step 3093, Diff=1.13708e-05
Step 3094, Diff=1.13679e-05
Step 3095, Diff=1.13651e-05
Step 3096, Diff=1.13623e-05
Step 3097, Diff=1.13594e-05
Step 3098, Diff=1.13566e-05
Step 3099, Diff=1.13537e-05
Step 3100, Diff=1.13509e-05
Step 3101, Diff=1.13481e-05
Step 3102, Diff=1.13453e-05
Step 3103, Diff=1.13424e-05
Step 3104, Diff=1.13396e-05
Step 3105, Diff=1.13368e-05
Step 3106, Diff=1.13339e-05
Step 3107, Diff=1.13311e-05
Step 3108, Diff=1.13283e-05
Step 3109, Diff=1.13255e-05
Step 3110, Diff=1.13227e-05
Step 3111, Diff=1.13198e-05
Step 3112, Diff=1.1317e-05
Step 3113, Diff=1.13142e-05
Step 3114, Diff=1.13114e-05
Step 3115, Diff=1.13086e-05
Step 3116, Diff=1.13058e-05
Step 3117, Diff=1.1303e-05
Step 3118, Diff=1.13002e-05
Step 3119, Diff=1.12974e-05
Step 3120, Diff=1.12946e-05
Step 3121, Diff=1.12918e-05
Step 3122, Diff=1.1289e-05
Step 3123, Diff=1.12862e-05
Step 3124, Diff=1.12834e-05
Step 3125, Diff=1.12806e-05
Step 3126, Diff=1.12778e-05
Step 3127, Diff=1.1275e-05
Step 3128, Diff=1.12722e-05
Step 3129, Diff=1.12694e-05
Step 3130, Diff=1.12666e-05
Step 3131, Diff=1.12638e-05
Step 3132, Diff=1.12611e-05
Step 3133, Diff=1.12583e-05
Step 3134, Diff=1.12555e-05
Step 3135, Diff=1.12527e-05
Step 3136, Diff=1.12499e-05
Step 3137, Diff=1.12472e-05
Step 3138, Diff=1.12444e-05
Step 3139, Diff=1.12416e-05
Step 3140, Diff=1.12389e-05
Step 3141, Diff=1.12361e-05
Step 3142, Diff=1.12333e-05
Step 3143, Diff=1.12305e-05
Step 3144, Diff=1.12278e-05
Step 3145, Diff=1.1225e-05
Step 3146, Diff=1.12223e-05
Step 3147, Diff=1.12195e-05
Step 3148, Diff=1.12167e-05
Step 3149, Diff=1.1214e-05
Step 3150, Diff=1.12112e-05
Step 3151, Diff=1.12085e-05
Step 3152, Diff=1.12057e-05
Step 3153, Diff=1.1203e-05
Step 3154, Diff=1.12002e-05
Step 3155, Diff=1.11975e-05
Step 3156, Diff=1.11947e-05
Step 3157, Diff=1.1192e-05
Step 3158, Diff=1.11892e-05
Step 3159, Diff=1.11865e-05
Step 3160, Diff=1.11838e-05
Step 3161, Diff=1.1181e-05
Step 3162, Diff=1.11783e-05
Step 3163, Diff=1.11755e-05
Step 3164, Diff=1.11728e-05
Step 3165, Diff=1.11701e-05
Step 3166, Diff=1.11673e-05
Step 3167, Diff=1.11646e-05
Step 3168, Diff=1.11619e-05
Step 3169, Diff=1.11592e-05
Step 3170, Diff=1.11564e-05
Step 3171, Diff=1.11537e-05
Step 3172, Diff=1.1151e-05
Step 3173, Diff=1.11483e-05
Step 3174, Diff=1.11456e-05
Step 3175, Diff=1.11428e-05
Step 3176, Diff=1.11401e-05
Step 3177, Diff=1.11374e-05
Step 3178, Diff=1.11347e-05
Step 3179, Diff=1.1132e-05
Step 3180, Diff=1.11293e-05
Step 3181, Diff=1.11266e-05
Step 3182, Diff=1.11239e-05
Step 3183, Diff=1.11211e-05
Step 3184, Diff=1.11184e-05
Step 3185, Diff=1.11157e-05
Step 3186, Diff=1.1113e-05
Step 3187, Diff=1.11103e-05
Step 3188, Diff=1.11076e-05
Step 3189, Diff=1.11049e-05
Step 3190, Diff=1.11023e-05
Step 3191, Diff=1.10996e-05
Step 3192, Diff=1.10969e-05
Step 3193, Diff=1.10942e-05
Step 3194, Diff=1.10915e-05
Step 3195, Diff=1.10888e-05
Step 3196, Diff=1.10861e-05
Step 3197, Diff=1.10834e-05
Step 3198, Diff=1.10807e-05
Step 3199, Diff=1.10781e-05
Step 3200, Diff=1.10754e-05
Step 3201, Diff=1.10727e-05
Step 3202, Diff=1.107e-05
Step 3203, Diff=1.10674e-05
Step 3204, Diff=1.10647e-05
Step 3205, Diff=1.1062e-05
Step 3206, Diff=1.10593e-05
Step 3207, Diff=1.10567e-05
Step 3208, Diff=1.1054e-05
Step 3209, Diff=1.10513e-05
Step 3210, Diff=1.10487e-05
Step 3211, Diff=1.1046e-05
Step 3212, Diff=1.10433e-05
Step 3213, Diff=1.10407e-05
Step 3214, Diff=1.1038e-05
Step 3215, Diff=1.10354e-05
Step 3216, Diff=1.10327e-05
Step 3217, Diff=1.103e-05
Step 3218, Diff=1.10274e-05
Step 3219, Diff=1.10247e-05
Step 3220, Diff=1.10221e-05
Step 3221, Diff=1.10194e-05
Step 3222, Diff=1.10168e-05
Step 3223, Diff=1.10141e-05
Step 3224, Diff=1.10115e-05
Step 3225, Diff=1.10089e-05
Step 3226, Diff=1.10062e-05
Step 3227, Diff=1.10036e-05
Step 3228, Diff=1.10009e-05
Step 3229, Diff=1.09983e-05
Step 3230, Diff=1.09957e-05
Step 3231, Diff=1.0993e-05
Step 3232, Diff=1.09904e-05
Step 3233, Diff=1.09878e-05
Step 3234, Diff=1.09851e-05
Step 3235, Diff=1.09825e-05
Step 3236, Diff=1.09799e-05
Step 3237, Diff=1.09772e-05
Step 3238, Diff=1.09746e-05
Step 3239, Diff=1.0972e-05
Step 3240, Diff=1.09694e-05
Step 3241, Diff=1.09667e-05
Step 3242, Diff=1.09641e-05
Step 3243, Diff=1.09615e-05
Step 3244, Diff=1.09589e-05
Step 3245, Diff=1.09563e-05
Step 3246, Diff=1.09537e-05
Step 3247, Diff=1.0951e-05
Step 3248, Diff=1.09484e-05
Step 3249, Diff=1.09458e-05
Step 3250, Diff=1.09432e-05
Step 3251, Diff=1.09406e-05
Step 3252, Diff=1.0938e-05
Step 3253, Diff=1.09354e-05
Step 3254, Diff=1.09328e-05
Step 3255, Diff=1.09302e-05
Step 3256, Diff=1.09276e-05
Step 3257, Diff=1.0925e-05
Step 3258, Diff=1.09224e-05
Step 3259, Diff=1.09198e-05
Step 3260, Diff=1.09172e-05
Step 3261, Diff=1.09146e-05
Step 3262, Diff=1.0912e-05
Step 3263, Diff=1.09094e-05
Step 3264, Diff=1.09069e-05
Step 3265, Diff=1.09043e-05
Step 3266, Diff=1.09017e-05
Step 3267, Diff=1.08991e-05
Step 3268, Diff=1.08965e-05
Step 3269, Diff=1.08939e-05
Step 3270, Diff=1.08913e-05
Step 3271, Diff=1.08888e-05
Step 3272, Diff=1.08862e-05
Step 3273, Diff=1.08836e-05
Step 3274, Diff=1.0881e-05
Step 3275, Diff=1.08785e-05
Step 3276, Diff=1.08759e-05
Step 3277, Diff=1.08733e-05
Step 3278, Diff=1.08708e-05
Step 3279, Diff=1.08682e-05
Step 3280, Diff=1.08656e-05
Step 3281, Diff=1.08631e-05
Step 3282, Diff=1.08605e-05
Step 3283, Diff=1.08579e-05
Step 3284, Diff=1.08554e-05
Step 3285, Diff=1.08528e-05
Step 3286, Diff=1.08503e-05
Step 3287, Diff=1.08477e-05
Step 3288, Diff=1.08451e-05
Step 3289, Diff=1.08426e-05
Step 3290, Diff=1.084e-05
Step 3291, Diff=1.08375e-05
Step 3292, Diff=1.08349e-05
Step 3293, Diff=1.08324e-05
Step 3294, Diff=1.08298e-05
Step 3295, Diff=1.08273e-05
Step 3296, Diff=1.08247e-05
Step 3297, Diff=1.08222e-05
Step 3298, Diff=1.08197e-05
Step 3299, Diff=1.08171e-05
Step 3300, Diff=1.08146e-05
Step 3301, Diff=1.0812e-05
Step 3302, Diff=1.08095e-05
Step 3303, Diff=1.0807e-05
Step 3304, Diff=1.08044e-05
Step 3305, Diff=1.08019e-05
Step 3306, Diff=1.07994e-05
Step 3307, Diff=1.07968e-05
Step 3308, Diff=1.07943e-05
Step 3309, Diff=1.07918e-05
Step 3310, Diff=1.07893e-05
Step 3311, Diff=1.07867e-05
Step 3312, Diff=1.07842e-05
Step 3313, Diff=1.07817e-05
Step 3314, Diff=1.07792e-05
Step 3315, Diff=1.07767e-05
Step 3316, Diff=1.07741e-05
Step 3317, Diff=1.07716e-05
Step 3318, Diff=1.07691e-05
Step 3319, Diff=1.07666e-05
Step 3320, Diff=1.07641e-05
Step 3321, Diff=1.07616e-05
Step 3322, Diff=1.07591e-05
Step 3323, Diff=1.07565e-05
Step 3324, Diff=1.0754e-05
Step 3325, Diff=1.07515e-05
Step 3326, Diff=1.0749e-05
Step 3327, Diff=1.07465e-05
Step 3328, Diff=1.0744e-05
Step 3329, Diff=1.07415e-05
Step 3330, Diff=1.0739e-05
Step 3331, Diff=1.07365e-05
Step 3332, Diff=1.0734e-05
Step 3333, Diff=1.07315e-05
Step 3334, Diff=1.0729e-05
Step 3335, Diff=1.07266e-05
Step 3336, Diff=1.07241e-05
Step 3337, Diff=1.07216e-05
Step 3338, Diff=1.07191e-05
Step 3339, Diff=1.07166e-05
Step 3340, Diff=1.07141e-05
Step 3341, Diff=1.07116e-05
Step 3342, Diff=1.07091e-05
Step 3343, Diff=1.07067e-05
Step 3344, Diff=1.07042e-05
Step 3345, Diff=1.07017e-05
Step 3346, Diff=1.06992e-05
Step 3347, Diff=1.06967e-05
Step 3348, Diff=1.06943e-05
Step 3349, Diff=1.06918e-05
Step 3350, Diff=1.06893e-05
Step 3351, Diff=1.06868e-05
Step 3352, Diff=1.06844e-05
Step 3353, Diff=1.06819e-05
Step 3354, Diff=1.06794e-05
Step 3355, Diff=1.0677e-05
Step 3356, Diff=1.06745e-05
Step 3357, Diff=1.0672e-05
Step 3358, Diff=1.06696e-05
Step 3359, Diff=1.06671e-05
Step 3360, Diff=1.06647e-05
Step 3361, Diff=1.06622e-05
Step 3362, Diff=1.06597e-05
Step 3363, Diff=1.06573e-05
Step 3364, Diff=1.06548e-05
Step 3365, Diff=1.06524e-05
Step 3366, Diff=1.06499e-05
Step 3367, Diff=1.06475e-05
Step 3368, Diff=1.0645e-05
Step 3369, Diff=1.06426e-05
Step 3370, Diff=1.06401e-05
Step 3371, Diff=1.06377e-05
Step 3372, Diff=1.06352e-05
Step 3373, Diff=1.06328e-05
Step 3374, Diff=1.06304e-05
Step 3375, Diff=1.06279e-05
Step 3376, Diff=1.06255e-05
Step 3377, Diff=1.0623e-05
Step 3378, Diff=1.06206e-05
Step 3379, Diff=1.06182e-05
Step 3380, Diff=1.06157e-05
Step 3381, Diff=1.06133e-05
Step 3382, Diff=1.06109e-05
Step 3383, Diff=1.06084e-05
Step 3384, Diff=1.0606e-05
Step 3385, Diff=1.06036e-05
Step 3386, Diff=1.06011e-05
Step 3387, Diff=1.05987e-05
Step 3388, Diff=1.05963e-05
Step 3389, Diff=1.05939e-05
Step 3390, Diff=1.05915e-05
Step 3391, Diff=1.0589e-05
Step 3392, Diff=1.05866e-05
Step 3393, Diff=1.05842e-05
Step 3394, Diff=1.05818e-05
Step 3395, Diff=1.05794e-05
Step 3396, Diff=1.05769e-05
Step 3397, Diff=1.05745e-05
Step 3398, Diff=1.05721e-05
Step 3399, Diff=1.05697e-05
Step 3400, Diff=1.05673e-05
Step 3401, Diff=1.05649e-05
Step 3402, Diff=1.05625e-05
Step 3403, Diff=1.05601e-05
Step 3404, Diff=1.05577e-05
Step 3405, Diff=1.05553e-05
Step 3406, Diff=1.05529e-05
Step 3407, Diff=1.05505e-05
Step 3408, Diff=1.05481e-05
Step 3409, Diff=1.05457e-05
Step 3410, Diff=1.05433e-05
Step 3411, Diff=1.05409e-05
Step 3412, Diff=1.05385e-05
Step 3413, Diff=1.05361e-05
Step 3414, Diff=1.05337e-05
Step 3415, Diff=1.05313e-05
Step 3416, Diff=1.05289e-05
Step 3417, Diff=1.05265e-05
Step 3418, Diff=1.05241e-05
Step 3419, Diff=1.05218e-05
Step 3420, Diff=1.05194e-05
Step 3421, Diff=1.0517e-05
Step 3422, Diff=1.05146e-05
Step 3423, Diff=1.05122e-05
Step 3424, Diff=1.05098e-05
Step 3425, Diff=1.05075e-05
Step 3426, Diff=1.05051e-05
Step 3427, Diff=1.05027e-05
Step 3428, Diff=1.05003e-05
Step 3429, Diff=1.0498e-05
Step 3430, Diff=1.04956e-05
Step 3431, Diff=1.04932e-05
Step 3432, Diff=1.04909e-05
Step 3433, Diff=1.04885e-05
Step 3434, Diff=1.04861e-05
Step 3435, Diff=1.04838e-05
Step 3436, Diff=1.04814e-05
Step 3437, Diff=1.0479e-05
Step 3438, Diff=1.04767e-05
Step 3439, Diff=1.04743e-05
Step 3440, Diff=1.04719e-05
Step 3441, Diff=1.04696e-05
Step 3442, Diff=1.04672e-05
Step 3443, Diff=1.04649e-05
Step 3444, Diff=1.04625e-05
Step 3445, Diff=1.04602e-05
Step 3446, Diff=1.04578e-05
Step 3447, Diff=1.04554e-05
Step 3448, Diff=1.04531e-05
Step 3449, Diff=1.04507e-05
Step 3450, Diff=1.04484e-05
Step 3451, Diff=1.04461e-05
Step 3452, Diff=1.04437e-05
Step 3453, Diff=1.04414e-05
Step 3454, Diff=1.0439e-05
Step 3455, Diff=1.04367e-05
Step 3456, Diff=1.04343e-05
Step 3457, Diff=1.0432e-05
Step 3458, Diff=1.04297e-05
Step 3459, Diff=1.04273e-05
Step 3460, Diff=1.0425e-05
Step 3461, Diff=1.04226e-05
Step 3462, Diff=1.04203e-05
Step 3463, Diff=1.0418e-05
Step 3464, Diff=1.04156e-05
Step 3465, Diff=1.04133e-05
Step 3466, Diff=1.0411e-05
Step 3467, Diff=1.04087e-05
Step 3468, Diff=1.04063e-05
Step 3469, Diff=1.0404e-05
Step 3470, Diff=1.04017e-05
Step 3471, Diff=1.03994e-05
Step 3472, Diff=1.0397e-05
Step 3473, Diff=1.03947e-05
Step 3474, Diff=1.03924e-05
Step 3475, Diff=1.03901e-05
Step 3476, Diff=1.03878e-05
Step 3477, Diff=1.03854e-05
Step 3478, Diff=1.03831e-05
Step 3479, Diff=1.03808e-05
Step 3480, Diff=1.03785e-05
Step 3481, Diff=1.03762e-05
Step 3482, Diff=1.03739e-05
Step 3483, Diff=1.03716e-05
Step 3484, Diff=1.03693e-05
Step 3485, Diff=1.0367e-05
Step 3486, Diff=1.03646e-05
Step 3487, Diff=1.03623e-05
Step 3488, Diff=1.036e-05
Step 3489, Diff=1.03577e-05
Step 3490, Diff=1.03554e-05
Step 3491, Diff=1.03531e-05
Step 3492, Diff=1.03508e-05
Step 3493, Diff=1.03485e-05
Step 3494, Diff=1.03462e-05
Step 3495, Diff=1.03439e-05
Step 3496, Diff=1.03417e-05
Step 3497, Diff=1.03394e-05
Step 3498, Diff=1.03371e-05
Step 3499, Diff=1.03348e-05
Step 3500, Diff=1.03325e-05
Step 3501, Diff=1.03302e-05
Step 3502, Diff=1.03279e-05
Step 3503, Diff=1.03256e-05
Step 3504, Diff=1.03233e-05
Step 3505, Diff=1.03211e-05
Step 3506, Diff=1.03188e-05
Step 3507, Diff=1.03165e-05
Step 3508, Diff=1.03142e-05
Step 3509, Diff=1.03119e-05
Step 3510, Diff=1.03097e-05
Step 3511, Diff=1.03074e-05
Step 3512, Diff=1.03051e-05
Step 3513, Diff=1.03028e-05
Step 3514, Diff=1.03006e-05
Step 3515, Diff=1.02983e-05
Step 3516, Diff=1.0296e-05
Step 3517, Diff=1.02937e-05
Step 3518, Diff=1.02915e-05
Step 3519, Diff=1.02892e-05
Step 3520, Diff=1.02869e-05
Step 3521, Diff=1.02847e-05
Step 3522, Diff=1.02824e-05
Step 3523, Diff=1.02801e-05
Step 3524, Diff=1.02779e-05
Step 3525, Diff=1.02756e-05
Step 3526, Diff=1.02734e-05
Step 3527, Diff=1.02711e-05
Step 3528, Diff=1.02688e-05
Step 3529, Diff=1.02666e-05
Step 3530, Diff=1.02643e-05
Step 3531, Diff=1.02621e-05
Step 3532, Diff=1.02598e-05
Step 3533, Diff=1.02576e-05
Step 3534, Diff=1.02553e-05
Step 3535, Diff=1.02531e-05
Step 3536, Diff=1.02508e-05
Step 3537, Diff=1.02486e-05
Step 3538, Diff=1.02463e-05
Step 3539, Diff=1.02441e-05
Step 3540, Diff=1.02418e-05
Step 3541, Diff=1.02396e-05
Step 3542, Diff=1.02373e-05
Step 3543, Diff=1.02351e-05
Step 3544, Diff=1.02329e-05
Step 3545, Diff=1.02306e-05
Step 3546, Diff=1.02284e-05
Step 3547, Diff=1.02262e-05
Step 3548, Diff=1.02239e-05
Step 3549, Diff=1.02217e-05
Step 3550, Diff=1.02194e-05
Step 3551, Diff=1.02172e-05
Step 3552, Diff=1.0215e-05
Step 3553, Diff=1.02128e-05
Step 3554, Diff=1.02105e-05
Step 3555, Diff=1.02083e-05
Step 3556, Diff=1.02061e-05
Step 3557, Diff=1.02038e-05
Step 3558, Diff=1.02016e-05
Step 3559, Diff=1.01994e-05
Step 3560, Diff=1.01972e-05
Step 3561, Diff=1.0195e-05
slurmstepd: error: *** STEP 30967408.0 ON nid00010 CANCELLED AT 2021-04-29T22:40:23 ***
srun: Job step aborted: Waiting up to 92 seconds for job step to finish.
srun: got SIGCONT
srun: forcing job termination


Batch Job Summary Report (version 21.01.1) for Job "poisson_OMP" (30967408) on daint

Job information (1/2)
-----------------------------------------------------------------------------------------------------
             Submit            Eligible               Start                 End    Elapsed Time limit
------------------- ------------------- ------------------- ------------------- ---------- ----------
2021-04-29T22:34:10 2021-04-29T22:34:10 2021-04-29T22:39:12 2021-04-29T22:40:22   00:01:10   00:05:00
-----------------------------------------------------------------------------------------------------

Job information (2/2)
-------------------------------------------------------------
    Username      Account    Partition   NNodes        Energy
------------ ------------ ------------ -------- -------------
      jbucko         uzh8        debug        1      7.623 kJ

